<?xml version="1.0" encoding="UTF-8"?>
<testsuites tests="1859" failures="0" errors="0" time="120.969089">
	<testsuite tests="1859" failures="0" time="120.969000" name="github.com/theopenlane/core/internal/graphapi" timestamp="2025-10-20T13:40:52-06:00">
		<properties>
			<property name="go.version" value="go1.25.1 darwin/arm64"></property>
		</properties>
		<testcase classname="github.com/theopenlane/core/internal/graphapi" name="TestGetControlIDFromRefCode/match_by_control_refCode" time="0.000000"></testcase>
		<testcase classname="github.com/theopenlane/core/internal/graphapi" name="TestGetControlIDFromRefCode/match_by_control_alias" time="0.000000"></testcase>
		<testcase classname="github.com/theopenlane/core/internal/graphapi" name="TestGetControlIDFromRefCode/match_by_subcontrol_refCode" time="0.000000"></testcase>
		<testcase classname="github.com/theopenlane/core/internal/graphapi" name="TestGetControlIDFromRefCode/match_by_subcontrol_alias" time="0.000000"></testcase>
		<testcase classname="github.com/theopenlane/core/internal/graphapi" name="TestGetControlIDFromRefCode/no_match_found" time="0.000000"></testcase>
		<testcase classname="github.com/theopenlane/core/internal/graphapi" name="TestGetControlIDFromRefCode" time="0.000000"></testcase>
		<testcase classname="github.com/theopenlane/core/internal/graphapi" name="TestSearchContextTracker" time="0.000000"></testcase>
		<testcase classname="github.com/theopenlane/core/internal/graphapi" name="TestFieldMatchChecker" time="0.000000"></testcase>
		<testcase classname="github.com/theopenlane/core/internal/graphapi" name="TestCreateSnippet" time="0.000000"></testcase>
		<testcase classname="github.com/theopenlane/core/internal/graphapi" name="TestExtractSnippets" time="0.000000"></testcase>
		<testcase classname="github.com/theopenlane/core/internal/graphapi" name="TestQueryApiToken/Get_happy_path" time="0.010000"></testcase>
		<testcase classname="github.com/theopenlane/core/internal/graphapi" name="TestQueryApiToken/Get_not_found,_no_access" time="0.000000"></testcase>
		<testcase classname="github.com/theopenlane/core/internal/graphapi" name="TestQueryApiToken/Get_not_found" time="0.000000"></testcase>
		<testcase classname="github.com/theopenlane/core/internal/graphapi" name="TestQueryApiToken" time="0.010000"></testcase>
		<testcase classname="github.com/theopenlane/core/internal/graphapi" name="TestQueryAPITokens/List_happy_path,_all_api_tokens" time="0.000000"></testcase>
		<testcase classname="github.com/theopenlane/core/internal/graphapi" name="TestQueryAPITokens" time="0.010000"></testcase>
		<testcase classname="github.com/theopenlane/core/internal/graphapi" name="TestMutationCreateAPIToken/happy_path" time="0.020000"></testcase>
		<testcase classname="github.com/theopenlane/core/internal/graphapi" name="TestMutationCreateAPIToken/bad_path,_set_expire_to_the_past" time="0.010000"></testcase>
		<testcase classname="github.com/theopenlane/core/internal/graphapi" name="TestMutationCreateAPIToken/happy_path,_set_expire" time="0.020000"></testcase>
		<testcase classname="github.com/theopenlane/core/internal/graphapi" name="TestMutationCreateAPIToken/happy_path,_set_org" time="0.030000"></testcase>
		<testcase classname="github.com/theopenlane/core/internal/graphapi" name="TestMutationCreateAPIToken/happy_path,_name_only" time="0.010000"></testcase>
		<testcase classname="github.com/theopenlane/core/internal/graphapi" name="TestMutationCreateAPIToken/empty_name" time="0.000000"></testcase>
		<testcase classname="github.com/theopenlane/core/internal/graphapi" name="TestMutationCreateAPIToken" time="0.090000"></testcase>
		<testcase classname="github.com/theopenlane/core/internal/graphapi" name="TestMutationUpdateAPIToken/happy_path,_update_name_" time="0.010000"></testcase>
		<testcase classname="github.com/theopenlane/core/internal/graphapi" name="TestMutationUpdateAPIToken/happy_path,_update_expiration" time="0.010000"></testcase>
		<testcase classname="github.com/theopenlane/core/internal/graphapi" name="TestMutationUpdateAPIToken/update_name,_no_access" time="0.000000"></testcase>
		<testcase classname="github.com/theopenlane/core/internal/graphapi" name="TestMutationUpdateAPIToken/happy_path,_update_description" time="0.010000"></testcase>
		<testcase classname="github.com/theopenlane/core/internal/graphapi" name="TestMutationUpdateAPIToken/happy_path,_add_scope" time="0.000000"></testcase>
		<testcase classname="github.com/theopenlane/core/internal/graphapi" name="TestMutationUpdateAPIToken/invalid_token_id" time="0.000000"></testcase>
		<testcase classname="github.com/theopenlane/core/internal/graphapi" name="TestMutationUpdateAPIToken" time="0.040000"></testcase>
		<testcase classname="github.com/theopenlane/core/internal/graphapi" name="TestMutationDeleteAPIToken/happy_path,_delete_token" time="0.010000"></testcase>
		<testcase classname="github.com/theopenlane/core/internal/graphapi" name="TestMutationDeleteAPIToken/delete_someone_else&#39;s_token,_no_go" time="0.000000"></testcase>
		<testcase classname="github.com/theopenlane/core/internal/graphapi" name="TestMutationDeleteAPIToken" time="0.160000"></testcase>
		<testcase classname="github.com/theopenlane/core/internal/graphapi" name="TestLastUsedAPIToken" time="0.020000"></testcase>
		<testcase classname="github.com/theopenlane/core/internal/graphapi" name="TestQueryContact/Get_happy_path_contact" time="0.000000"></testcase>
		<testcase classname="github.com/theopenlane/core/internal/graphapi" name="TestQueryContact/Get_happy_path_contact,_view_only_user" time="0.000000"></testcase>
		<testcase classname="github.com/theopenlane/core/internal/graphapi" name="TestQueryContact/Get_contact_not_returned,_no_access" time="0.000000"></testcase>
		<testcase classname="github.com/theopenlane/core/internal/graphapi" name="TestQueryContact/Get_happy_path_contact,_with_api_token" time="0.000000"></testcase>
		<testcase classname="github.com/theopenlane/core/internal/graphapi" name="TestQueryContact/Get_happy_path_contact,_with_pat" time="0.010000"></testcase>
		<testcase classname="github.com/theopenlane/core/internal/graphapi" name="TestQueryContact" time="0.020000"></testcase>
		<testcase classname="github.com/theopenlane/core/internal/graphapi" name="TestQueryContacts/List_happy_path" time="0.000000"></testcase>
		<testcase classname="github.com/theopenlane/core/internal/graphapi" name="TestQueryContacts/List_happy_path,_view_only_user" time="0.000000"></testcase>
		<testcase classname="github.com/theopenlane/core/internal/graphapi" name="TestQueryContacts/List_happy_path,_using_api_token" time="0.000000"></testcase>
		<testcase classname="github.com/theopenlane/core/internal/graphapi" name="TestQueryContacts/List_happy_path,_using_pat" time="0.010000"></testcase>
		<testcase classname="github.com/theopenlane/core/internal/graphapi" name="TestQueryContacts/List_another_user,_no_contacts_should_be_returned" time="0.000000"></testcase>
		<testcase classname="github.com/theopenlane/core/internal/graphapi" name="TestQueryContacts" time="0.030000"></testcase>
		<testcase classname="github.com/theopenlane/core/internal/graphapi" name="TestMutationCreateContact/Create_happy_path,_minimal_input" time="0.010000"></testcase>
		<testcase classname="github.com/theopenlane/core/internal/graphapi" name="TestMutationCreateContact/Create_view_only_user_cannot_create" time="0.000000"></testcase>
		<testcase classname="github.com/theopenlane/core/internal/graphapi" name="TestMutationCreateContact/Create_happy_path,_using_api_token" time="0.010000"></testcase>
		<testcase classname="github.com/theopenlane/core/internal/graphapi" name="TestMutationCreateContact/Create_happy_path,_using_pat" time="0.010000"></testcase>
		<testcase classname="github.com/theopenlane/core/internal/graphapi" name="TestMutationCreateContact/Create_happy_path,_all_input" time="0.010000"></testcase>
		<testcase classname="github.com/theopenlane/core/internal/graphapi" name="TestMutationCreateContact/Create_missing_required_field,_name" time="0.000000"></testcase>
		<testcase classname="github.com/theopenlane/core/internal/graphapi" name="TestMutationCreateContact" time="0.040000"></testcase>
		<testcase classname="github.com/theopenlane/core/internal/graphapi" name="TestMutationUpdateContact/Update_happy_path,_update_name" time="0.010000"></testcase>
		<testcase classname="github.com/theopenlane/core/internal/graphapi" name="TestMutationUpdateContact/Update_view_only_user_cannot_update" time="0.000000"></testcase>
		<testcase classname="github.com/theopenlane/core/internal/graphapi" name="TestMutationUpdateContact/Update_no_access,_cannot_update" time="0.010000"></testcase>
		<testcase classname="github.com/theopenlane/core/internal/graphapi" name="TestMutationUpdateContact/Update_update_phone_number,_using_api_token" time="0.010000"></testcase>
		<testcase classname="github.com/theopenlane/core/internal/graphapi" name="TestMutationUpdateContact/Update_update_status,_using_personal_access_token" time="0.010000"></testcase>
		<testcase classname="github.com/theopenlane/core/internal/graphapi" name="TestMutationUpdateContact/Update_update_email" time="0.000000"></testcase>
		<testcase classname="github.com/theopenlane/core/internal/graphapi" name="TestMutationUpdateContact/Update_update_phone_number,_invalid" time="0.010000"></testcase>
		<testcase classname="github.com/theopenlane/core/internal/graphapi" name="TestMutationUpdateContact/Update_update_email,_invalid" time="0.010000"></testcase>
		<testcase classname="github.com/theopenlane/core/internal/graphapi" name="TestMutationUpdateContact/Update_update_title" time="0.010000"></testcase>
		<testcase classname="github.com/theopenlane/core/internal/graphapi" name="TestMutationUpdateContact/Update_update_company" time="0.010000"></testcase>
		<testcase classname="github.com/theopenlane/core/internal/graphapi" name="TestMutationUpdateContact" time="0.070000"></testcase>
		<testcase classname="github.com/theopenlane/core/internal/graphapi" name="TestMutationDeleteContact/Delete_not_allowed_to_delete,_not_enough_permissions" time="0.010000"></testcase>
		<testcase classname="github.com/theopenlane/core/internal/graphapi" name="TestMutationDeleteContact/Delete_not_allowed_to_delete,_no_access_to_object" time="0.000000"></testcase>
		<testcase classname="github.com/theopenlane/core/internal/graphapi" name="TestMutationDeleteContact/Delete_happy_path,_delete_contact" time="0.020000"></testcase>
		<testcase classname="github.com/theopenlane/core/internal/graphapi" name="TestMutationDeleteContact/Delete_contact_already_deleted,_not_found" time="0.000000"></testcase>
		<testcase classname="github.com/theopenlane/core/internal/graphapi" name="TestMutationDeleteContact/Delete_happy_path,_delete_contact_using_api_token" time="0.010000"></testcase>
		<testcase classname="github.com/theopenlane/core/internal/graphapi" name="TestMutationDeleteContact/Delete_happy_path,_delete_contact_using_pat" time="0.010000"></testcase>
		<testcase classname="github.com/theopenlane/core/internal/graphapi" name="TestMutationDeleteContact/Delete_unknown_contact,_not_found" time="0.000000"></testcase>
		<testcase classname="github.com/theopenlane/core/internal/graphapi" name="TestMutationDeleteContact" time="0.060000"></testcase>
		<testcase classname="github.com/theopenlane/core/internal/graphapi" name="TestMutationUpdateBulkContact/Bulk_Update_happy_path,_clear_tags_on_multiple_contacts" time="0.010000"></testcase>
		<testcase classname="github.com/theopenlane/core/internal/graphapi" name="TestMutationUpdateBulkContact/Bulk_Update_empty_ids_array" time="0.000000"></testcase>
		<testcase classname="github.com/theopenlane/core/internal/graphapi" name="TestMutationUpdateBulkContact/Bulk_Update_mixed_success_and_failure_-_some_contacts_not_authorized" time="0.010000"></testcase>
		<testcase classname="github.com/theopenlane/core/internal/graphapi" name="TestMutationUpdateBulkContact/Bulk_Update_update_not_allowed,_view_only_user" time="0.010000"></testcase>
		<testcase classname="github.com/theopenlane/core/internal/graphapi" name="TestMutationUpdateBulkContact/Bulk_Update_update_not_allowed,_no_permissions_to_contacts" time="0.000000"></testcase>
		<testcase classname="github.com/theopenlane/core/internal/graphapi" name="TestMutationUpdateBulkContact/Bulk_Update_update_status_on_multiple_contacts" time="0.020000"></testcase>
		<testcase classname="github.com/theopenlane/core/internal/graphapi" name="TestMutationUpdateBulkContact/Bulk_Update_update_company_on_multiple_contacts" time="0.020000"></testcase>
		<testcase classname="github.com/theopenlane/core/internal/graphapi" name="TestMutationUpdateBulkContact" time="0.090000"></testcase>
		<testcase classname="github.com/theopenlane/core/internal/graphapi" name="TestQueryControl/Get_happy_path" time="0.060000"></testcase>
		<testcase classname="github.com/theopenlane/core/internal/graphapi" name="TestQueryControl/Get_read_only_user,_inherits_access_from_the_organization" time="0.070000"></testcase>
		<testcase classname="github.com/theopenlane/core/internal/graphapi" name="TestQueryControl/Get_admin_user,_access_to_the_program" time="0.040000"></testcase>
		<testcase classname="github.com/theopenlane/core/internal/graphapi" name="TestQueryControl/Get_happy_path_using_personal_access_token" time="0.060000"></testcase>
		<testcase classname="github.com/theopenlane/core/internal/graphapi" name="TestQueryControl/Get_control_not_found,_invalid_ID" time="0.000000"></testcase>
		<testcase classname="github.com/theopenlane/core/internal/graphapi" name="TestQueryControl/Get_control_not_found,_using_not_authorized_user" time="0.040000"></testcase>
		<testcase classname="github.com/theopenlane/core/internal/graphapi" name="TestQueryControl/Get_no_access,_anonymous_user" time="0.030000"></testcase>
		<testcase classname="github.com/theopenlane/core/internal/graphapi" name="TestQueryControl" time="0.390000"></testcase>
		<testcase classname="github.com/theopenlane/core/internal/graphapi" name="TestQueryControls/List_happy_path" time="0.020000"></testcase>
		<testcase classname="github.com/theopenlane/core/internal/graphapi" name="TestQueryControls/List_happy_path,_admin_user" time="0.020000"></testcase>
		<testcase classname="github.com/theopenlane/core/internal/graphapi" name="TestQueryControls/List_happy_path,_with_first_set" time="0.020000"></testcase>
		<testcase classname="github.com/theopenlane/core/internal/graphapi" name="TestQueryControls/List_happy_path,_with_last_set" time="0.020000"></testcase>
		<testcase classname="github.com/theopenlane/core/internal/graphapi" name="TestQueryControls/List_first_set_over_max_(10_in_test)" time="0.020000"></testcase>
		<testcase classname="github.com/theopenlane/core/internal/graphapi" name="TestQueryControls/List_last_set_over_max_(10_in_test)" time="0.020000"></testcase>
		<testcase classname="github.com/theopenlane/core/internal/graphapi" name="TestQueryControls/List_happy_path,_using_read_only_user_of_the_same_org_should_inherit_access_from_the_org" time="0.030000"></testcase>
		<testcase classname="github.com/theopenlane/core/internal/graphapi" name="TestQueryControls/List_happy_path,_with_api_token" time="0.020000"></testcase>
		<testcase classname="github.com/theopenlane/core/internal/graphapi" name="TestQueryControls/List_happy_path,_using_pat" time="0.020000"></testcase>
		<testcase classname="github.com/theopenlane/core/internal/graphapi" name="TestQueryControls/List_another_user,_no_controls_should_be_returned" time="0.010000"></testcase>
		<testcase classname="github.com/theopenlane/core/internal/graphapi" name="TestQueryControls" time="0.580000"></testcase>
		<testcase classname="github.com/theopenlane/core/internal/graphapi" name="TestQueryControlsMultipleOrgCheck/List_happy_path" time="0.020000"></testcase>
		<testcase classname="github.com/theopenlane/core/internal/graphapi" name="TestQueryControlsMultipleOrgCheck/List_happy_path#01" time="0.020000"></testcase>
		<testcase classname="github.com/theopenlane/core/internal/graphapi" name="TestQueryControlsMultipleOrgCheck" time="0.360000"></testcase>
		<testcase classname="github.com/theopenlane/core/internal/graphapi" name="TestMutationCreateControl/Create_happy_path,_minimal_input" time="0.030000"></testcase>
		<testcase classname="github.com/theopenlane/core/internal/graphapi" name="TestMutationCreateControl/Create_happy_path,_all_input" time="0.070000"></testcase>
		<testcase classname="github.com/theopenlane/core/internal/graphapi" name="TestMutationCreateControl/Create_add_groups" time="0.050000"></testcase>
		<testcase classname="github.com/theopenlane/core/internal/graphapi" name="TestMutationCreateControl/Create_happy_path,_using_pat" time="0.040000"></testcase>
		<testcase classname="github.com/theopenlane/core/internal/graphapi" name="TestMutationCreateControl/Create_using_api_token" time="0.060000"></testcase>
		<testcase classname="github.com/theopenlane/core/internal/graphapi" name="TestMutationCreateControl/Create_user_not_authorized,_not_enough_permissions" time="0.010000"></testcase>
		<testcase classname="github.com/theopenlane/core/internal/graphapi" name="TestMutationCreateControl/Create_user_authorized,_they_were_added_to_the_program" time="0.040000"></testcase>
		<testcase classname="github.com/theopenlane/core/internal/graphapi" name="TestMutationCreateControl/Create_user_authorized,_user_not_authorized_to_one_of_the_programs" time="0.000000"></testcase>
		<testcase classname="github.com/theopenlane/core/internal/graphapi" name="TestMutationCreateControl/Create_missing_required_ref_code" time="0.000000"></testcase>
		<testcase classname="github.com/theopenlane/core/internal/graphapi" name="TestMutationCreateControl/Create_user_not_authorized,_no_permissions_to_one_of_the_programs" time="0.000000"></testcase>
		<testcase classname="github.com/theopenlane/core/internal/graphapi" name="TestMutationCreateControl" time="0.520000"></testcase>
		<testcase classname="github.com/theopenlane/core/internal/graphapi" name="TestMutationCreateControlsByClone/Create_happy_path,_all_controls_under_standard_using_standard_id" time="0.780000"></testcase>
		<testcase classname="github.com/theopenlane/core/internal/graphapi" name="TestMutationCreateControlsByClone/Create_happy_path,_all_controls_under_standard_using_standard_id_and_program_set" time="0.970000"></testcase>
		<testcase classname="github.com/theopenlane/core/internal/graphapi" name="TestMutationCreateControlsByClone/Create_happy_path,_all_controls_under_standard" time="0.660000"></testcase>
		<testcase classname="github.com/theopenlane/core/internal/graphapi" name="TestMutationCreateControlsByClone/Create_happy_path,_clone_single_control,_should__be_a_no-op._because_the_control_already_exists" time="0.040000"></testcase>
		<testcase classname="github.com/theopenlane/core/internal/graphapi" name="TestMutationCreateControlsByClone/Create_happy_path,_all_controls_under_standard_with_program" time="0.830000"></testcase>
		<testcase classname="github.com/theopenlane/core/internal/graphapi" name="TestMutationCreateControlsByClone/Create_all_controls_under_standard_with_program_no_access" time="0.040000"></testcase>
		<testcase classname="github.com/theopenlane/core/internal/graphapi" name="TestMutationCreateControlsByClone/Create_happy_path,_clone_control_under_org" time="0.030000"></testcase>
		<testcase classname="github.com/theopenlane/core/internal/graphapi" name="TestMutationCreateControlsByClone/Create_happy_path,_clone_control_under_org_with_program" time="0.040000"></testcase>
		<testcase classname="github.com/theopenlane/core/internal/graphapi" name="TestMutationCreateControlsByClone/Create_happy_path,_clone_single_control_using_personal_access_token" time="0.050000"></testcase>
		<testcase classname="github.com/theopenlane/core/internal/graphapi" name="TestMutationCreateControlsByClone/Create_happy_path,_clone_single_control_using_api_token" time="0.070000"></testcase>
		<testcase classname="github.com/theopenlane/core/internal/graphapi" name="TestMutationCreateControlsByClone/Create_clone_control_under_org,_no_access_to_control" time="0.000000"></testcase>
		<testcase classname="github.com/theopenlane/core/internal/graphapi" name="TestMutationCreateControlsByClone/Create_clone_control_under_org,_empty_request" time="0.000000"></testcase>
		<testcase classname="github.com/theopenlane/core/internal/graphapi" name="TestMutationCreateControlsByClone" time="5.110000"></testcase>
		<testcase classname="github.com/theopenlane/core/internal/graphapi" name="TestMutationCreateControlsByCloneCSV/Create_happy_path,_clone_controls_from_csv" time="0.120000"></testcase>
		<testcase classname="github.com/theopenlane/core/internal/graphapi" name="TestMutationCreateControlsByCloneCSV/Create_update_existing_controls,_no_new_controls_cloned" time="0.170000"></testcase>
		<testcase classname="github.com/theopenlane/core/internal/graphapi" name="TestMutationCreateControlsByCloneCSV/Create_controls_missing_from_system,_no_controls_cloned" time="0.010000"></testcase>
		<testcase classname="github.com/theopenlane/core/internal/graphapi" name="TestMutationCreateControlsByCloneCSV" time="0.370000"></testcase>
		<testcase classname="github.com/theopenlane/core/internal/graphapi" name="TestMutationCreateControlsByCloneWithFilter/Create_By_Clone_With_Filter_happy_path,_filter_by_ref_codes" time="0.110000"></testcase>
		<testcase classname="github.com/theopenlane/core/internal/graphapi" name="TestMutationCreateControlsByCloneWithFilter/Create_By_Clone_With_Filter_happy_path,_filter_by_ref_codes_and_aliases" time="0.090000"></testcase>
		<testcase classname="github.com/theopenlane/core/internal/graphapi" name="TestMutationCreateControlsByCloneWithFilter/Create_By_Clone_With_Filter_happy_path,_filter_by_aliases" time="0.080000"></testcase>
		<testcase classname="github.com/theopenlane/core/internal/graphapi" name="TestMutationCreateControlsByCloneWithFilter/Create_By_Clone_With_Filter_happy_path,_filter_by_categories" time="0.110000"></testcase>
		<testcase classname="github.com/theopenlane/core/internal/graphapi" name="TestMutationCreateControlsByCloneWithFilter" time="0.710000"></testcase>
		<testcase classname="github.com/theopenlane/core/internal/graphapi" name="TestMutationUpdateFrameworkControl/Update_framework_based_controlhappy_path,_update_allowed_fields" time="0.060000"></testcase>
		<testcase classname="github.com/theopenlane/core/internal/graphapi" name="TestMutationUpdateFrameworkControl/Update_framework_based_controlfail,_unable_to_update_ref_code" time="0.010000"></testcase>
		<testcase classname="github.com/theopenlane/core/internal/graphapi" name="TestMutationUpdateFrameworkControl/Update_framework_based_controlfail,_unable_to_update_description" time="0.000000"></testcase>
		<testcase classname="github.com/theopenlane/core/internal/graphapi" name="TestMutationUpdateFrameworkControl/Update_framework_based_controlfail,_unable_to_update_title" time="0.000000"></testcase>
		<testcase classname="github.com/theopenlane/core/internal/graphapi" name="TestMutationUpdateFrameworkControl/Update_framework_based_controlfail,_unable_to_update_source" time="0.010000"></testcase>
		<testcase classname="github.com/theopenlane/core/internal/graphapi" name="TestMutationUpdateFrameworkControl" time="0.140000"></testcase>
		<testcase classname="github.com/theopenlane/core/internal/graphapi" name="TestMutationUpdateControl/Update_happy_path,_update_field" time="0.100000"></testcase>
		<testcase classname="github.com/theopenlane/core/internal/graphapi" name="TestMutationUpdateControl/Update_happy_path,_update_multiple_fields" time="0.080000"></testcase>
		<testcase classname="github.com/theopenlane/core/internal/graphapi" name="TestMutationUpdateControl/Update_happy_path,_remove_some_things" time="0.040000"></testcase>
		<testcase classname="github.com/theopenlane/core/internal/graphapi" name="TestMutationUpdateControl/Update_update_ref_code_to_empty" time="0.020000"></testcase>
		<testcase classname="github.com/theopenlane/core/internal/graphapi" name="TestMutationUpdateControl/Update_update_not_allowed,_not_permissions_in_same_org" time="0.020000"></testcase>
		<testcase classname="github.com/theopenlane/core/internal/graphapi" name="TestMutationUpdateControl/Update_update_allowed,_user_added_to_one_of_the_programs" time="0.070000"></testcase>
		<testcase classname="github.com/theopenlane/core/internal/graphapi" name="TestMutationUpdateControl/Update_update_not_allowed,_no_permissions" time="0.000000"></testcase>
		<testcase classname="github.com/theopenlane/core/internal/graphapi" name="TestMutationUpdateControl" time="0.890000"></testcase>
		<testcase classname="github.com/theopenlane/core/internal/graphapi" name="TestMutationDeleteControl/Delete_not_authorized,_delete" time="0.000000"></testcase>
		<testcase classname="github.com/theopenlane/core/internal/graphapi" name="TestMutationDeleteControl/Delete_not_authorized,_delete_system_owned_control" time="0.010000"></testcase>
		<testcase classname="github.com/theopenlane/core/internal/graphapi" name="TestMutationDeleteControl/Delete_happy_path,_delete" time="0.020000"></testcase>
		<testcase classname="github.com/theopenlane/core/internal/graphapi" name="TestMutationDeleteControl/Delete_already_deleted,_not_found" time="0.000000"></testcase>
		<testcase classname="github.com/theopenlane/core/internal/graphapi" name="TestMutationDeleteControl/Delete_happy_path,_delete_using_personal_access_token" time="0.040000"></testcase>
		<testcase classname="github.com/theopenlane/core/internal/graphapi" name="TestMutationDeleteControl/Delete_happy_path,_delete_system_owned_control" time="0.010000"></testcase>
		<testcase classname="github.com/theopenlane/core/internal/graphapi" name="TestMutationDeleteControl/Delete_unknown_id,_not_found" time="0.000000"></testcase>
		<testcase classname="github.com/theopenlane/core/internal/graphapi" name="TestMutationDeleteControl" time="0.100000"></testcase>
		<testcase classname="github.com/theopenlane/core/internal/graphapi" name="TestQueryControlCategories/Query_Control_happy_path,_get_control_categories" time="0.000000"></testcase>
		<testcase classname="github.com/theopenlane/core/internal/graphapi" name="TestQueryControlCategories/Query_Control_no_controls,_no_results" time="0.000000"></testcase>
		<testcase classname="github.com/theopenlane/core/internal/graphapi" name="TestQueryControlCategories" time="0.460000"></testcase>
		<testcase classname="github.com/theopenlane/core/internal/graphapi" name="TestQueryControlSubcategories/Query_Control_Subcategories_happy_path,_get_control_subcategories" time="0.000000"></testcase>
		<testcase classname="github.com/theopenlane/core/internal/graphapi" name="TestQueryControlSubcategories/Query_Control_Subcategories_no_controls,_no_results" time="0.000000"></testcase>
		<testcase classname="github.com/theopenlane/core/internal/graphapi" name="TestQueryControlSubcategories" time="0.090000"></testcase>
		<testcase classname="github.com/theopenlane/core/internal/graphapi" name="TestQueryControlCategoriesByFramework/Get_Categories_happy_path,_get_control_categories" time="0.010000"></testcase>
		<testcase classname="github.com/theopenlane/core/internal/graphapi" name="TestQueryControlCategoriesByFramework/Get_Categories_filter_by_standard,_two_results_expected" time="0.000000"></testcase>
		<testcase classname="github.com/theopenlane/core/internal/graphapi" name="TestQueryControlCategoriesByFramework/Get_Categories_no_controls,_no_results" time="0.000000"></testcase>
		<testcase classname="github.com/theopenlane/core/internal/graphapi" name="TestQueryControlCategoriesByFramework" time="0.510000"></testcase>
		<testcase classname="github.com/theopenlane/core/internal/graphapi" name="TestQueryControlSubcategoriesByFramework/Get_Subcategories_happy_path,_get_control_subcategories" time="0.000000"></testcase>
		<testcase classname="github.com/theopenlane/core/internal/graphapi" name="TestQueryControlSubcategoriesByFramework/Get_Subcategories_filter_by_standard,_one_result_expected" time="0.000000"></testcase>
		<testcase classname="github.com/theopenlane/core/internal/graphapi" name="TestQueryControlSubcategoriesByFramework/Get_Subcategories_no_controls,_no_results" time="0.010000"></testcase>
		<testcase classname="github.com/theopenlane/core/internal/graphapi" name="TestQueryControlSubcategoriesByFramework" time="0.480000"></testcase>
		<testcase classname="github.com/theopenlane/core/internal/graphapi" name="TestQueryControlGroupsByCategory/Get_Controls_By_Categories_happy_path,_get_control_categories" time="0.010000"></testcase>
		<testcase classname="github.com/theopenlane/core/internal/graphapi" name="TestQueryControlGroupsByCategory/Get_Controls_By_Categories_happy_path,_get_control_categories#01" time="0.020000"></testcase>
		<testcase classname="github.com/theopenlane/core/internal/graphapi" name="TestQueryControlGroupsByCategory/Get_Controls_By_Categories_happy_path,_get_control_categories#02" time="0.000000"></testcase>
		<testcase classname="github.com/theopenlane/core/internal/graphapi" name="TestQueryControlGroupsByCategory/Get_Controls_By_Categories_happy_path,_get_control_for_specific_category" time="0.000000"></testcase>
		<testcase classname="github.com/theopenlane/core/internal/graphapi" name="TestQueryControlGroupsByCategory/Get_Controls_By_Categories_happy_path,_get_next_result_for_specific_category" time="0.000000"></testcase>
		<testcase classname="github.com/theopenlane/core/internal/graphapi" name="TestQueryControlGroupsByCategory/Get_Controls_By_Categories_happy_path,_get_next_result_for_specific_category,_no_more_results" time="0.010000"></testcase>
		<testcase classname="github.com/theopenlane/core/internal/graphapi" name="TestQueryControlGroupsByCategory/Get_Controls_By_Categories_filter_by_standard,_two_results_expected" time="0.010000"></testcase>
		<testcase classname="github.com/theopenlane/core/internal/graphapi" name="TestQueryControlGroupsByCategory/Get_Controls_By_Categories_happy_path,_get_controls_in_No_Category" time="0.010000"></testcase>
		<testcase classname="github.com/theopenlane/core/internal/graphapi" name="TestQueryControlGroupsByCategory/Get_Controls_By_Categories_no_controls,_no_results" time="0.010000"></testcase>
		<testcase classname="github.com/theopenlane/core/internal/graphapi" name="TestQueryControlGroupsByCategory" time="0.420000"></testcase>
		<testcase classname="github.com/theopenlane/core/internal/graphapi" name="TestMutationUpdateBulkControl/Bulk_Update_happy_path,_update_status_on_multiple_controls" time="0.070000"></testcase>
		<testcase classname="github.com/theopenlane/core/internal/graphapi" name="TestMutationUpdateBulkControl/Bulk_Update_happy_path,_clear_operations_and_editor_permissions" time="0.140000"></testcase>
		<testcase classname="github.com/theopenlane/core/internal/graphapi" name="TestMutationUpdateBulkControl/Bulk_Update_empty_ids_array" time="0.000000"></testcase>
		<testcase classname="github.com/theopenlane/core/internal/graphapi" name="TestMutationUpdateBulkControl/Bulk_Update_mixed_success_and_failure_-_some_controls_not_authorized" time="0.030000"></testcase>
		<testcase classname="github.com/theopenlane/core/internal/graphapi" name="TestMutationUpdateBulkControl/Bulk_Update_update_allowed,_user_added_to_one_of_the_programs" time="0.080000"></testcase>
		<testcase classname="github.com/theopenlane/core/internal/graphapi" name="TestMutationUpdateBulkControl/Bulk_Update_update_not_allowed,_no_permissions_to_controls" time="0.000000"></testcase>
		<testcase classname="github.com/theopenlane/core/internal/graphapi" name="TestMutationUpdateBulkControl/Bulk_Update_update_control_type_and_category_on_multiple_controls" time="0.100000"></testcase>
		<testcase classname="github.com/theopenlane/core/internal/graphapi" name="TestMutationUpdateBulkControl/Bulk_Update_add_programs_and_control_implementations_to_multiple_controls" time="0.080000"></testcase>
		<testcase classname="github.com/theopenlane/core/internal/graphapi" name="TestMutationUpdateBulkControl" time="1.200000"></testcase>
		<testcase classname="github.com/theopenlane/core/internal/graphapi" name="TestQueryControlImplementation/Get_happy_path" time="0.010000"></testcase>
		<testcase classname="github.com/theopenlane/core/internal/graphapi" name="TestQueryControlImplementation/Get_happy_path,_controlImplementation_with_associated_controls" time="0.010000"></testcase>
		<testcase classname="github.com/theopenlane/core/internal/graphapi" name="TestQueryControlImplementation/Get_controlImplementation_with_associated_controls,_but_no_access" time="0.000000"></testcase>
		<testcase classname="github.com/theopenlane/core/internal/graphapi" name="TestQueryControlImplementation/Get_happy_path,_controlImplementation_with_associated_controls_and_subcontrols" time="0.020000"></testcase>
		<testcase classname="github.com/theopenlane/core/internal/graphapi" name="TestQueryControlImplementation/Get_controlImplementation_with_associated_controls,_but_no_access#01" time="0.000000"></testcase>
		<testcase classname="github.com/theopenlane/core/internal/graphapi" name="TestQueryControlImplementation/Get_happy_path,_read_only_user,_no_access_to_control_or_controlImplementation" time="0.010000"></testcase>
		<testcase classname="github.com/theopenlane/core/internal/graphapi" name="TestQueryControlImplementation/Get_happy_path,_controlImplementation_with_associated_controls_and_group_viewer_by_org_owner" time="0.010000"></testcase>
		<testcase classname="github.com/theopenlane/core/internal/graphapi" name="TestQueryControlImplementation/Get_happy_path,_controlImplementation_with_associated_controls_and_group_viewer_by_view_only_user" time="0.020000"></testcase>
		<testcase classname="github.com/theopenlane/core/internal/graphapi" name="TestQueryControlImplementation/Get_happy_path_using_personal_access_token" time="0.020000"></testcase>
		<testcase classname="github.com/theopenlane/core/internal/graphapi" name="TestQueryControlImplementation/Get_controlImplementation_not_found,_invalid_ID" time="0.000000"></testcase>
		<testcase classname="github.com/theopenlane/core/internal/graphapi" name="TestQueryControlImplementation/Get_controlImplementation_not_found,_using_not_authorized_user" time="0.000000"></testcase>
		<testcase classname="github.com/theopenlane/core/internal/graphapi" name="TestQueryControlImplementation" time="0.280000"></testcase>
		<testcase classname="github.com/theopenlane/core/internal/graphapi" name="TestQueryControlImplementations/List_happy_path" time="0.030000"></testcase>
		<testcase classname="github.com/theopenlane/core/internal/graphapi" name="TestQueryControlImplementations/List_happy_path,_using_read_only_user_of_the_same_org" time="0.040000"></testcase>
		<testcase classname="github.com/theopenlane/core/internal/graphapi" name="TestQueryControlImplementations/List_happy_path,_using_api_token" time="0.040000"></testcase>
		<testcase classname="github.com/theopenlane/core/internal/graphapi" name="TestQueryControlImplementations/List_happy_path,_using_pat" time="0.030000"></testcase>
		<testcase classname="github.com/theopenlane/core/internal/graphapi" name="TestQueryControlImplementations/List_another_user,_no_controlImplementations_should_be_returned" time="0.010000"></testcase>
		<testcase classname="github.com/theopenlane/core/internal/graphapi" name="TestQueryControlImplementations" time="0.890000"></testcase>
		<testcase classname="github.com/theopenlane/core/internal/graphapi" name="TestMutationCreateControlImplementation/Create_happy_path,_minimal_input" time="0.050000"></testcase>
		<testcase classname="github.com/theopenlane/core/internal/graphapi" name="TestMutationCreateControlImplementation/Create_happy_path,_all_input" time="0.050000"></testcase>
		<testcase classname="github.com/theopenlane/core/internal/graphapi" name="TestMutationCreateControlImplementation/Create_happy_path,_using_pat" time="0.040000"></testcase>
		<testcase classname="github.com/theopenlane/core/internal/graphapi" name="TestMutationCreateControlImplementation/Create_happy_path,_using_api_token" time="0.040000"></testcase>
		<testcase classname="github.com/theopenlane/core/internal/graphapi" name="TestMutationCreateControlImplementation/Create_user_not_authorized,_not_enough_permissions" time="0.000000"></testcase>
		<testcase classname="github.com/theopenlane/core/internal/graphapi" name="TestMutationCreateControlImplementation/Create_user_authorized_because_they_have_editor_permissions_to_all_the_parent_control" time="0.060000"></testcase>
		<testcase classname="github.com/theopenlane/core/internal/graphapi" name="TestMutationCreateControlImplementation/Create_user_not_authorized,_not_enough_permissions_to_one_of_the_parent_controls" time="0.000000"></testcase>
		<testcase classname="github.com/theopenlane/core/internal/graphapi" name="TestMutationCreateControlImplementation/Create_no_access_to_linked_control" time="0.000000"></testcase>
		<testcase classname="github.com/theopenlane/core/internal/graphapi" name="TestMutationCreateControlImplementation" time="0.410000"></testcase>
		<testcase classname="github.com/theopenlane/core/internal/graphapi" name="TestMutationUpdateControlImplementation/Update_happy_path,_update_field" time="0.020000"></testcase>
		<testcase classname="github.com/theopenlane/core/internal/graphapi" name="TestMutationUpdateControlImplementation/Update_happy_path,_update_multiple_fields" time="0.070000"></testcase>
		<testcase classname="github.com/theopenlane/core/internal/graphapi" name="TestMutationUpdateControlImplementation/Update_happy_path,_update_verification_date" time="0.050000"></testcase>
		<testcase classname="github.com/theopenlane/core/internal/graphapi" name="TestMutationUpdateControlImplementation/Update_allowed_because_previous_request_added_control_IDs_the_user_has_access_to_" time="0.070000"></testcase>
		<testcase classname="github.com/theopenlane/core/internal/graphapi" name="TestMutationUpdateControlImplementation/Update_happy_path_remove_control_IDs" time="0.090000"></testcase>
		<testcase classname="github.com/theopenlane/core/internal/graphapi" name="TestMutationUpdateControlImplementation/Update_no_longer_allowed_because_previous_request_removed_control_IDs_the_user_has_access_to_" time="0.060000"></testcase>
		<testcase classname="github.com/theopenlane/core/internal/graphapi" name="TestMutationUpdateControlImplementation/Update_update_not_allowed,_not_enough_permissions,_not_found" time="0.000000"></testcase>
		<testcase classname="github.com/theopenlane/core/internal/graphapi" name="TestMutationUpdateControlImplementation/Update_happy_path,_add_control_IDs" time="0.030000"></testcase>
		<testcase classname="github.com/theopenlane/core/internal/graphapi" name="TestMutationUpdateControlImplementation/Update_update_still_not_allowed,_not_enough_permissions,_no_edit_permissions_to_control_either" time="0.020000"></testcase>
		<testcase classname="github.com/theopenlane/core/internal/graphapi" name="TestMutationUpdateControlImplementation/Update_update_not_allowed,_no_permissions" time="0.000000"></testcase>
		<testcase classname="github.com/theopenlane/core/internal/graphapi" name="TestMutationUpdateControlImplementation" time="0.620000"></testcase>
		<testcase classname="github.com/theopenlane/core/internal/graphapi" name="TestMutationDeleteControlImplementation/Delete_not_authorized,_delete" time="0.000000"></testcase>
		<testcase classname="github.com/theopenlane/core/internal/graphapi" name="TestMutationDeleteControlImplementation/Delete_happy_path,_delete" time="0.020000"></testcase>
		<testcase classname="github.com/theopenlane/core/internal/graphapi" name="TestMutationDeleteControlImplementation/Delete_already_deleted,_not_found" time="0.000000"></testcase>
		<testcase classname="github.com/theopenlane/core/internal/graphapi" name="TestMutationDeleteControlImplementation/Delete_happy_path,_delete_using_personal_access_token" time="0.020000"></testcase>
		<testcase classname="github.com/theopenlane/core/internal/graphapi" name="TestMutationDeleteControlImplementation/Delete_unknown_id,_not_found" time="0.000000"></testcase>
		<testcase classname="github.com/theopenlane/core/internal/graphapi" name="TestMutationDeleteControlImplementation" time="0.060000"></testcase>
		<testcase classname="github.com/theopenlane/core/internal/graphapi" name="TestQueryControlObjective/Get_happy_path" time="0.050000"></testcase>
		<testcase classname="github.com/theopenlane/core/internal/graphapi" name="TestQueryControlObjective/Get_read_only_user,_same_org,_no_access_to_the_program" time="0.050000"></testcase>
		<testcase classname="github.com/theopenlane/core/internal/graphapi" name="TestQueryControlObjective/Get_admin_user,_access_to_the_program" time="0.050000"></testcase>
		<testcase classname="github.com/theopenlane/core/internal/graphapi" name="TestQueryControlObjective/Get_happy_path_using_personal_access_token" time="0.050000"></testcase>
		<testcase classname="github.com/theopenlane/core/internal/graphapi" name="TestQueryControlObjective/Get_control_objective_not_found,_invalid_ID" time="0.000000"></testcase>
		<testcase classname="github.com/theopenlane/core/internal/graphapi" name="TestQueryControlObjective/Get_control_objective_not_found,_using_not_authorized_user" time="0.030000"></testcase>
		<testcase classname="github.com/theopenlane/core/internal/graphapi" name="TestQueryControlObjective/Get_no_access,_anonymous_user" time="0.040000"></testcase>
		<testcase classname="github.com/theopenlane/core/internal/graphapi" name="TestQueryControlObjective" time="0.380000"></testcase>
		<testcase classname="github.com/theopenlane/core/internal/graphapi" name="TestQueryControlObjectives/List_happy_path" time="0.020000"></testcase>
		<testcase classname="github.com/theopenlane/core/internal/graphapi" name="TestQueryControlObjectives/List_happy_path,_using_read_only_user_of_the_same_org,_no_programs_or_groups_associated" time="0.010000"></testcase>
		<testcase classname="github.com/theopenlane/core/internal/graphapi" name="TestQueryControlObjectives/List_happy_path,_no_access_to_the_program_or_group" time="0.020000"></testcase>
		<testcase classname="github.com/theopenlane/core/internal/graphapi" name="TestQueryControlObjectives/List_happy_path,_using_pat" time="0.020000"></testcase>
		<testcase classname="github.com/theopenlane/core/internal/graphapi" name="TestQueryControlObjectives/List_another_user,_no_control_objectives_should_be_returned" time="0.000000"></testcase>
		<testcase classname="github.com/theopenlane/core/internal/graphapi" name="TestQueryControlObjectives" time="0.320000"></testcase>
		<testcase classname="github.com/theopenlane/core/internal/graphapi" name="TestMutationCreateControlObjective/Create_happy_path,_minimal_input" time="0.040000"></testcase>
		<testcase classname="github.com/theopenlane/core/internal/graphapi" name="TestMutationCreateControlObjective/Create_happy_path,_all_input" time="0.050000"></testcase>
		<testcase classname="github.com/theopenlane/core/internal/graphapi" name="TestMutationCreateControlObjective/Create_add_groups" time="0.070000"></testcase>
		<testcase classname="github.com/theopenlane/core/internal/graphapi" name="TestMutationCreateControlObjective/Create_happy_path,_using_pat" time="0.040000"></testcase>
		<testcase classname="github.com/theopenlane/core/internal/graphapi" name="TestMutationCreateControlObjective/Create_using_api_token" time="0.060000"></testcase>
		<testcase classname="github.com/theopenlane/core/internal/graphapi" name="TestMutationCreateControlObjective/Create_user_not_authorized,_not_enough_permissions" time="0.000000"></testcase>
		<testcase classname="github.com/theopenlane/core/internal/graphapi" name="TestMutationCreateControlObjective/Create_user_now_authorized,_added_to_group_with_creator_permissions" time="0.120000"></testcase>
		<testcase classname="github.com/theopenlane/core/internal/graphapi" name="TestMutationCreateControlObjective/Create_user_authorized,_they_were_added_to_the_program" time="0.040000"></testcase>
		<testcase classname="github.com/theopenlane/core/internal/graphapi" name="TestMutationCreateControlObjective/Create_user_not_authorized,_user_not_authorized_to_one_of_the_programs" time="0.010000"></testcase>
		<testcase classname="github.com/theopenlane/core/internal/graphapi" name="TestMutationCreateControlObjective/Create_missing_required_name" time="0.000000"></testcase>
		<testcase classname="github.com/theopenlane/core/internal/graphapi" name="TestMutationCreateControlObjective/Create_user_not_authorized,_no_permissions_to_one_of_the_programs" time="0.010000"></testcase>
		<testcase classname="github.com/theopenlane/core/internal/graphapi" name="TestMutationCreateControlObjective" time="0.780000"></testcase>
		<testcase classname="github.com/theopenlane/core/internal/graphapi" name="TestMutationUpdateControlObjective/Update_happy_path,_update_field" time="0.050000"></testcase>
		<testcase classname="github.com/theopenlane/core/internal/graphapi" name="TestMutationUpdateControlObjective/Update_happy_path,_update_multiple_fields" time="0.040000"></testcase>
		<testcase classname="github.com/theopenlane/core/internal/graphapi" name="TestMutationUpdateControlObjective/Update_happy_path,_revision_bump" time="0.020000"></testcase>
		<testcase classname="github.com/theopenlane/core/internal/graphapi" name="TestMutationUpdateControlObjective/Update_invalid_revision" time="0.010000"></testcase>
		<testcase classname="github.com/theopenlane/core/internal/graphapi" name="TestMutationUpdateControlObjective/Update_update_not_allowed,_not_permissions_in_same_org" time="0.010000"></testcase>
		<testcase classname="github.com/theopenlane/core/internal/graphapi" name="TestMutationUpdateControlObjective/Update_update_not_allowed,_no_permissions" time="0.010000"></testcase>
		<testcase classname="github.com/theopenlane/core/internal/graphapi" name="TestMutationUpdateControlObjective" time="0.520000"></testcase>
		<testcase classname="github.com/theopenlane/core/internal/graphapi" name="TestMutationDeleteControlObjective/Delete_not_authorized,_delete" time="0.000000"></testcase>
		<testcase classname="github.com/theopenlane/core/internal/graphapi" name="TestMutationDeleteControlObjective/Delete_happy_path,_delete" time="0.030000"></testcase>
		<testcase classname="github.com/theopenlane/core/internal/graphapi" name="TestMutationDeleteControlObjective/Delete_already_deleted,_not_found" time="0.000000"></testcase>
		<testcase classname="github.com/theopenlane/core/internal/graphapi" name="TestMutationDeleteControlObjective/Delete_happy_path,_delete_using_personal_access_token" time="0.010000"></testcase>
		<testcase classname="github.com/theopenlane/core/internal/graphapi" name="TestMutationDeleteControlObjective/Delete_unknown_id,_not_found" time="0.000000"></testcase>
		<testcase classname="github.com/theopenlane/core/internal/graphapi" name="TestMutationDeleteControlObjective" time="0.070000"></testcase>
		<testcase classname="github.com/theopenlane/core/internal/graphapi" name="TestQueryCustomDomainByID/Get_happy_path" time="0.010000"></testcase>
		<testcase classname="github.com/theopenlane/core/internal/graphapi" name="TestQueryCustomDomainByID/Get_happy_path,_view_only_user" time="0.020000"></testcase>
		<testcase classname="github.com/theopenlane/core/internal/graphapi" name="TestQueryCustomDomainByID/Get_domain_not_found" time="0.000000"></testcase>
		<testcase classname="github.com/theopenlane/core/internal/graphapi" name="TestQueryCustomDomainByID/Get_not_authorized_to_query_org" time="0.000000"></testcase>
		<testcase classname="github.com/theopenlane/core/internal/graphapi" name="TestQueryCustomDomainByID" time="0.060000"></testcase>
		<testcase classname="github.com/theopenlane/core/internal/graphapi" name="TestQueryCustomDomains/Get_return_all" time="0.010000"></testcase>
		<testcase classname="github.com/theopenlane/core/internal/graphapi" name="TestQueryCustomDomains/Get_return_all,_ro_user" time="0.010000"></testcase>
		<testcase classname="github.com/theopenlane/core/internal/graphapi" name="TestQueryCustomDomains/Get_query_by_domain" time="0.000000"></testcase>
		<testcase classname="github.com/theopenlane/core/internal/graphapi" name="TestQueryCustomDomains/Get_query_by_domain,_not_found" time="0.000000"></testcase>
		<testcase classname="github.com/theopenlane/core/internal/graphapi" name="TestQueryCustomDomains/Get_query_by_mappable_domain" time="0.000000"></testcase>
		<testcase classname="github.com/theopenlane/core/internal/graphapi" name="TestQueryCustomDomains" time="0.060000"></testcase>
		<testcase classname="github.com/theopenlane/core/internal/graphapi" name="TestMutationCreateCustomDomain/Create_happy_path" time="0.020000"></testcase>
		<testcase classname="github.com/theopenlane/core/internal/graphapi" name="TestMutationCreateCustomDomain/Create_happy_path,_adminUser" time="0.020000"></testcase>
		<testcase classname="github.com/theopenlane/core/internal/graphapi" name="TestMutationCreateCustomDomain/Create_not_authorized" time="0.000000"></testcase>
		<testcase classname="github.com/theopenlane/core/internal/graphapi" name="TestMutationCreateCustomDomain/Create_invalid_domain" time="0.000000"></testcase>
		<testcase classname="github.com/theopenlane/core/internal/graphapi" name="TestMutationCreateCustomDomain/Create_missing_mappable_domain" time="0.000000"></testcase>
		<testcase classname="github.com/theopenlane/core/internal/graphapi" name="TestMutationCreateCustomDomain" time="0.050000"></testcase>
		<testcase classname="github.com/theopenlane/core/internal/graphapi" name="TestMutationDeleteCustomDomain/Delete_delete_domain" time="0.000000"></testcase>
		<testcase classname="github.com/theopenlane/core/internal/graphapi" name="TestMutationDeleteCustomDomain/Delete_unauthorized" time="0.010000"></testcase>
		<testcase classname="github.com/theopenlane/core/internal/graphapi" name="TestMutationDeleteCustomDomain/Delete_domain_not_found" time="0.000000"></testcase>
		<testcase classname="github.com/theopenlane/core/internal/graphapi" name="TestMutationDeleteCustomDomain" time="0.040000"></testcase>
		<testcase classname="github.com/theopenlane/core/internal/graphapi" name="TestUpdateCustomDomain/Update_happy_path" time="0.000000"></testcase>
		<testcase classname="github.com/theopenlane/core/internal/graphapi" name="TestUpdateCustomDomain/Update_update_dns_verification_id" time="0.000000"></testcase>
		<testcase classname="github.com/theopenlane/core/internal/graphapi" name="TestUpdateCustomDomain/Update_clear_dns_verification" time="0.000000"></testcase>
		<testcase classname="github.com/theopenlane/core/internal/graphapi" name="TestUpdateCustomDomain/Update_not_allowed" time="0.010000"></testcase>
		<testcase classname="github.com/theopenlane/core/internal/graphapi" name="TestUpdateCustomDomain" time="0.050000"></testcase>
		<testcase classname="github.com/theopenlane/core/internal/graphapi" name="TestMutationCreateBulkCustomDomain/Create_happy_path_-_multiple_domains" time="0.030000"></testcase>
		<testcase classname="github.com/theopenlane/core/internal/graphapi" name="TestMutationCreateBulkCustomDomain/Create_happy_path_-_single_domain" time="0.010000"></testcase>
		<testcase classname="github.com/theopenlane/core/internal/graphapi" name="TestMutationCreateBulkCustomDomain/Create_happy_path_-_admin_user" time="0.010000"></testcase>
		<testcase classname="github.com/theopenlane/core/internal/graphapi" name="TestMutationCreateBulkCustomDomain/Create_invalid_domain_in_batch" time="0.000000"></testcase>
		<testcase classname="github.com/theopenlane/core/internal/graphapi" name="TestMutationCreateBulkCustomDomain/Create_not_authorized" time="0.000000"></testcase>
		<testcase classname="github.com/theopenlane/core/internal/graphapi" name="TestMutationCreateBulkCustomDomain/Create_empty_input" time="0.000000"></testcase>
		<testcase classname="github.com/theopenlane/core/internal/graphapi" name="TestMutationCreateBulkCustomDomain" time="0.060000"></testcase>
		<testcase classname="github.com/theopenlane/core/internal/graphapi" name="TestGetAllCustomDomains/happy_path_-_regular_user_sees_only_their_domains" time="0.010000"></testcase>
		<testcase classname="github.com/theopenlane/core/internal/graphapi" name="TestGetAllCustomDomains/happy_path_-_admin_user_sees_all_domains" time="0.000000"></testcase>
		<testcase classname="github.com/theopenlane/core/internal/graphapi" name="TestGetAllCustomDomains/happy_path_-_view_only_user" time="0.000000"></testcase>
		<testcase classname="github.com/theopenlane/core/internal/graphapi" name="TestGetAllCustomDomains/happy_path_-_different_user_sees_only_their_domains" time="0.010000"></testcase>
		<testcase classname="github.com/theopenlane/core/internal/graphapi" name="TestGetAllCustomDomains" time="0.050000"></testcase>
		<testcase classname="github.com/theopenlane/core/internal/graphapi" name="TestQueryDNSVerificationByID/Get_happy_path" time="0.000000"></testcase>
		<testcase classname="github.com/theopenlane/core/internal/graphapi" name="TestQueryDNSVerificationByID/Get_happy_path,_view_only_user" time="0.000000"></testcase>
		<testcase classname="github.com/theopenlane/core/internal/graphapi" name="TestQueryDNSVerificationByID/Get_happy_path,_sysadmin_user" time="0.000000"></testcase>
		<testcase classname="github.com/theopenlane/core/internal/graphapi" name="TestQueryDNSVerificationByID/Get_verification_not_found" time="0.000000"></testcase>
		<testcase classname="github.com/theopenlane/core/internal/graphapi" name="TestQueryDNSVerificationByID/Get_not_authorized_to_query_org" time="0.000000"></testcase>
		<testcase classname="github.com/theopenlane/core/internal/graphapi" name="TestQueryDNSVerificationByID" time="0.010000"></testcase>
		<testcase classname="github.com/theopenlane/core/internal/graphapi" name="TestQueryDNSVerifications/Get_return_all" time="0.000000"></testcase>
		<testcase classname="github.com/theopenlane/core/internal/graphapi" name="TestQueryDNSVerifications/Get_return_all,_ro_user" time="0.000000"></testcase>
		<testcase classname="github.com/theopenlane/core/internal/graphapi" name="TestQueryDNSVerifications/Get_return_all,_sysadmin_user" time="0.000000"></testcase>
		<testcase classname="github.com/theopenlane/core/internal/graphapi" name="TestQueryDNSVerifications/Get_query_by_cloudflare_hostname_ID" time="0.000000"></testcase>
		<testcase classname="github.com/theopenlane/core/internal/graphapi" name="TestQueryDNSVerifications/Get_query_by_cloudflare_hostname_ID,_not_found" time="0.000000"></testcase>
		<testcase classname="github.com/theopenlane/core/internal/graphapi" name="TestQueryDNSVerifications/Get_query_by_DNS_TXT_record" time="0.000000"></testcase>
		<testcase classname="github.com/theopenlane/core/internal/graphapi" name="TestQueryDNSVerifications" time="0.020000"></testcase>
		<testcase classname="github.com/theopenlane/core/internal/graphapi" name="TestMutationCreateDNSVerification/Create_happy_path" time="0.000000"></testcase>
		<testcase classname="github.com/theopenlane/core/internal/graphapi" name="TestMutationCreateDNSVerification/Create_not_authorized" time="0.000000"></testcase>
		<testcase classname="github.com/theopenlane/core/internal/graphapi" name="TestMutationCreateDNSVerification/Create_missing_cloudflare_hostname_ID" time="0.000000"></testcase>
		<testcase classname="github.com/theopenlane/core/internal/graphapi" name="TestMutationCreateDNSVerification" time="0.000000"></testcase>
		<testcase classname="github.com/theopenlane/core/internal/graphapi" name="TestMutationDeleteDNSVerification/Delete_delete_verification" time="0.000000"></testcase>
		<testcase classname="github.com/theopenlane/core/internal/graphapi" name="TestMutationDeleteDNSVerification/Delete_unauthorized" time="0.000000"></testcase>
		<testcase classname="github.com/theopenlane/core/internal/graphapi" name="TestMutationDeleteDNSVerification/Delete_verification_not_found" time="0.000000"></testcase>
		<testcase classname="github.com/theopenlane/core/internal/graphapi" name="TestMutationDeleteDNSVerification" time="0.010000"></testcase>
		<testcase classname="github.com/theopenlane/core/internal/graphapi" name="TestUpdateDNSVerification/Update_happy_path" time="0.000000"></testcase>
		<testcase classname="github.com/theopenlane/core/internal/graphapi" name="TestUpdateDNSVerification/Update_not_allowed" time="0.000000"></testcase>
		<testcase classname="github.com/theopenlane/core/internal/graphapi" name="TestUpdateDNSVerification" time="0.010000"></testcase>
		<testcase classname="github.com/theopenlane/core/internal/graphapi" name="TestGetAllDNSVerifications/happy_path_-_regular_user_sees_only_their_verifications" time="0.000000"></testcase>
		<testcase classname="github.com/theopenlane/core/internal/graphapi" name="TestGetAllDNSVerifications/happy_path_-_admin_user_sees_all_verifications" time="0.000000"></testcase>
		<testcase classname="github.com/theopenlane/core/internal/graphapi" name="TestGetAllDNSVerifications/happy_path_-_view_only_user" time="0.000000"></testcase>
		<testcase classname="github.com/theopenlane/core/internal/graphapi" name="TestGetAllDNSVerifications/happy_path_-_different_user_sees_only_their_verifications" time="0.000000"></testcase>
		<testcase classname="github.com/theopenlane/core/internal/graphapi" name="TestGetAllDNSVerifications" time="0.020000"></testcase>
		<testcase classname="github.com/theopenlane/core/internal/graphapi" name="TestQueryEntity/Get_happy_path_entity" time="0.010000"></testcase>
		<testcase classname="github.com/theopenlane/core/internal/graphapi" name="TestQueryEntity/Get_happy_path_entity,_using_api_token" time="0.010000"></testcase>
		<testcase classname="github.com/theopenlane/core/internal/graphapi" name="TestQueryEntity/Get_happy_path_entity,_using_personal_access_token" time="0.010000"></testcase>
		<testcase classname="github.com/theopenlane/core/internal/graphapi" name="TestQueryEntity/Get_no_access" time="0.000000"></testcase>
		<testcase classname="github.com/theopenlane/core/internal/graphapi" name="TestQueryEntity/Get_no_access,_anonymous_user" time="0.000000"></testcase>
		<testcase classname="github.com/theopenlane/core/internal/graphapi" name="TestQueryEntity" time="0.030000"></testcase>
		<testcase classname="github.com/theopenlane/core/internal/graphapi" name="TestQueryEntities/List_happy_path" time="0.000000"></testcase>
		<testcase classname="github.com/theopenlane/core/internal/graphapi" name="TestQueryEntities/List_happy_path,_using_api_token" time="0.010000"></testcase>
		<testcase classname="github.com/theopenlane/core/internal/graphapi" name="TestQueryEntities/List_happy_path,_using_pat" time="0.010000"></testcase>
		<testcase classname="github.com/theopenlane/core/internal/graphapi" name="TestQueryEntities/List_another_user,_no_entities_should_be_returned" time="0.000000"></testcase>
		<testcase classname="github.com/theopenlane/core/internal/graphapi" name="TestQueryEntities" time="0.040000"></testcase>
		<testcase classname="github.com/theopenlane/core/internal/graphapi" name="TestMutationCreateEntity/Create_happy_path,_minimal_input" time="0.010000"></testcase>
		<testcase classname="github.com/theopenlane/core/internal/graphapi" name="TestMutationCreateEntity/Create_happy_path,_all_input" time="0.020000"></testcase>
		<testcase classname="github.com/theopenlane/core/internal/graphapi" name="TestMutationCreateEntity/Create_happy_path,_using_api_token" time="0.010000"></testcase>
		<testcase classname="github.com/theopenlane/core/internal/graphapi" name="TestMutationCreateEntity/Create_happy_path,_using_pat" time="0.010000"></testcase>
		<testcase classname="github.com/theopenlane/core/internal/graphapi" name="TestMutationCreateEntity/Create_do_not_create_if_not_allowed" time="0.000000"></testcase>
		<testcase classname="github.com/theopenlane/core/internal/graphapi" name="TestMutationCreateEntity/Create_missing_name,_but_display_name_provided" time="0.000000"></testcase>
		<testcase classname="github.com/theopenlane/core/internal/graphapi" name="TestMutationCreateEntity/Create_name_already_exists,_different_casing" time="0.000000"></testcase>
		<testcase classname="github.com/theopenlane/core/internal/graphapi" name="TestMutationCreateEntity/Create_invalid_domain(s)" time="0.000000"></testcase>
		<testcase classname="github.com/theopenlane/core/internal/graphapi" name="TestMutationCreateEntity" time="0.080000"></testcase>
		<testcase classname="github.com/theopenlane/core/internal/graphapi" name="TestMutationUpdateEntity/Update_happy_path,_update_display_name" time="0.030000"></testcase>
		<testcase classname="github.com/theopenlane/core/internal/graphapi" name="TestMutationUpdateEntity/Update_update_description_using_api_token" time="0.030000"></testcase>
		<testcase classname="github.com/theopenlane/core/internal/graphapi" name="TestMutationUpdateEntity/Update_update_notes,_domains_using_personal_access_token" time="0.030000"></testcase>
		<testcase classname="github.com/theopenlane/core/internal/graphapi" name="TestMutationUpdateEntity/Update_update_status_and_domain" time="0.010000"></testcase>
		<testcase classname="github.com/theopenlane/core/internal/graphapi" name="TestMutationUpdateEntity/Update_not_allowed_to_update" time="0.010000"></testcase>
		<testcase classname="github.com/theopenlane/core/internal/graphapi" name="TestMutationUpdateEntity/Update_not_allowed_to_update,_no_access_to_entity" time="0.000000"></testcase>
		<testcase classname="github.com/theopenlane/core/internal/graphapi" name="TestMutationUpdateEntity" time="0.120000"></testcase>
		<testcase classname="github.com/theopenlane/core/internal/graphapi" name="TestMutationDeleteEntity/Delete_not_allowed_to_delete" time="0.010000"></testcase>
		<testcase classname="github.com/theopenlane/core/internal/graphapi" name="TestMutationDeleteEntity/Delete_happy_path,_delete_entity" time="0.010000"></testcase>
		<testcase classname="github.com/theopenlane/core/internal/graphapi" name="TestMutationDeleteEntity/Delete_entity_already_deleted,_not_found" time="0.000000"></testcase>
		<testcase classname="github.com/theopenlane/core/internal/graphapi" name="TestMutationDeleteEntity/Delete_happy_path,_delete_entity_using_api_token" time="0.030000"></testcase>
		<testcase classname="github.com/theopenlane/core/internal/graphapi" name="TestMutationDeleteEntity/Delete_happy_path,_delete_entity_using_personal_access_token" time="0.020000"></testcase>
		<testcase classname="github.com/theopenlane/core/internal/graphapi" name="TestMutationDeleteEntity/Delete_unknown_entity,_not_found" time="0.000000"></testcase>
		<testcase classname="github.com/theopenlane/core/internal/graphapi" name="TestMutationDeleteEntity" time="0.090000"></testcase>
		<testcase classname="github.com/theopenlane/core/internal/graphapi" name="TestQueryEntityType/Get_happy_path_entity_type" time="0.000000"></testcase>
		<testcase classname="github.com/theopenlane/core/internal/graphapi" name="TestQueryEntityType/Get_happy_path_entity_type,_using_api_token" time="0.000000"></testcase>
		<testcase classname="github.com/theopenlane/core/internal/graphapi" name="TestQueryEntityType/Get_happy_path_entity_type,_using_pat" time="0.010000"></testcase>
		<testcase classname="github.com/theopenlane/core/internal/graphapi" name="TestQueryEntityType/Get_no_access" time="0.000000"></testcase>
		<testcase classname="github.com/theopenlane/core/internal/graphapi" name="TestQueryEntityType" time="0.020000"></testcase>
		<testcase classname="github.com/theopenlane/core/internal/graphapi" name="TestQueryEntityTypes/List_happy_path" time="0.000000"></testcase>
		<testcase classname="github.com/theopenlane/core/internal/graphapi" name="TestQueryEntityTypes/List_happy_path,_using_api_token" time="0.000000"></testcase>
		<testcase classname="github.com/theopenlane/core/internal/graphapi" name="TestQueryEntityTypes/List_happy_path,_using_pat" time="0.000000"></testcase>
		<testcase classname="github.com/theopenlane/core/internal/graphapi" name="TestQueryEntityTypes/List_another_user,_no_new_entities_should_be_returned" time="0.000000"></testcase>
		<testcase classname="github.com/theopenlane/core/internal/graphapi" name="TestQueryEntityTypes" time="0.020000"></testcase>
		<testcase classname="github.com/theopenlane/core/internal/graphapi" name="TestMutationCreateEntityType/Create_happy_path,_all_input" time="0.010000"></testcase>
		<testcase classname="github.com/theopenlane/core/internal/graphapi" name="TestMutationCreateEntityType/Create_happy_path,_all_input,_using_api_token" time="0.020000"></testcase>
		<testcase classname="github.com/theopenlane/core/internal/graphapi" name="TestMutationCreateEntityType/Create_happy_path,_all_input,_using_pat" time="0.010000"></testcase>
		<testcase classname="github.com/theopenlane/core/internal/graphapi" name="TestMutationCreateEntityType/Create_do_not_create_if_not_allowed" time="0.000000"></testcase>
		<testcase classname="github.com/theopenlane/core/internal/graphapi" name="TestMutationCreateEntityType/Create_missing_required_field,_name" time="0.000000"></testcase>
		<testcase classname="github.com/theopenlane/core/internal/graphapi" name="TestMutationCreateEntityType" time="0.040000"></testcase>
		<testcase classname="github.com/theopenlane/core/internal/graphapi" name="TestMutationUpdateEntityType/Update_happy_path,_update_name" time="0.010000"></testcase>
		<testcase classname="github.com/theopenlane/core/internal/graphapi" name="TestMutationUpdateEntityType/Update_happy_path,_update_name_using_api_token" time="0.010000"></testcase>
		<testcase classname="github.com/theopenlane/core/internal/graphapi" name="TestMutationUpdateEntityType/Update_happy_path,_update_name_using_personal_access_token" time="0.010000"></testcase>
		<testcase classname="github.com/theopenlane/core/internal/graphapi" name="TestMutationUpdateEntityType/Update_not_allowed_to_update" time="0.010000"></testcase>
		<testcase classname="github.com/theopenlane/core/internal/graphapi" name="TestMutationUpdateEntityType" time="0.040000"></testcase>
		<testcase classname="github.com/theopenlane/core/internal/graphapi" name="TestMutationDeleteEntityType/Delete_not_allowed_to_delete" time="0.010000"></testcase>
		<testcase classname="github.com/theopenlane/core/internal/graphapi" name="TestMutationDeleteEntityType/Delete_not_allowed_to_delete,_no_access" time="0.000000"></testcase>
		<testcase classname="github.com/theopenlane/core/internal/graphapi" name="TestMutationDeleteEntityType/Delete_happy_path,_delete_entity_type" time="0.010000"></testcase>
		<testcase classname="github.com/theopenlane/core/internal/graphapi" name="TestMutationDeleteEntityType/Delete_entityType_already_deleted,_not_found" time="0.000000"></testcase>
		<testcase classname="github.com/theopenlane/core/internal/graphapi" name="TestMutationDeleteEntityType/Delete_happy_path,_delete_entity_type_using_api_token" time="0.020000"></testcase>
		<testcase classname="github.com/theopenlane/core/internal/graphapi" name="TestMutationDeleteEntityType/Delete_happy_path,_delete_entity_type_using_pat" time="0.010000"></testcase>
		<testcase classname="github.com/theopenlane/core/internal/graphapi" name="TestMutationDeleteEntityType/Delete_unknown_entitytype,_not_found" time="0.000000"></testcase>
		<testcase classname="github.com/theopenlane/core/internal/graphapi" name="TestMutationDeleteEntityType" time="0.050000"></testcase>
		<testcase classname="github.com/theopenlane/core/internal/graphapi" name="TestQueryEvidence/Get_happy_path,_creator_of_the_evidence" time="0.020000"></testcase>
		<testcase classname="github.com/theopenlane/core/internal/graphapi" name="TestQueryEvidence/Get_happy_path,_permissions_via_control" time="0.020000"></testcase>
		<testcase classname="github.com/theopenlane/core/internal/graphapi" name="TestQueryEvidence/Get_happy_path,_org_owner" time="0.020000"></testcase>
		<testcase classname="github.com/theopenlane/core/internal/graphapi" name="TestQueryEvidence/Get_read_only_user_in_organization,_authorized_via_program" time="0.020000"></testcase>
		<testcase classname="github.com/theopenlane/core/internal/graphapi" name="TestQueryEvidence/Get_read_only_user_in_organization,_no_access" time="0.020000"></testcase>
		<testcase classname="github.com/theopenlane/core/internal/graphapi" name="TestQueryEvidence/Get_read_only_user_in_organization,_has_access_via_control" time="0.020000"></testcase>
		<testcase classname="github.com/theopenlane/core/internal/graphapi" name="TestQueryEvidence/Get_happy_path_using_personal_access_token" time="0.020000"></testcase>
		<testcase classname="github.com/theopenlane/core/internal/graphapi" name="TestQueryEvidence/Get_Evidence_not_found,_invalid_ID" time="0.000000"></testcase>
		<testcase classname="github.com/theopenlane/core/internal/graphapi" name="TestQueryEvidence/Get_Evidence_not_found,_using_not_authorized_user" time="0.000000"></testcase>
		<testcase classname="github.com/theopenlane/core/internal/graphapi" name="TestQueryEvidence/Get_no_access,_anonymous_user" time="0.000000"></testcase>
		<testcase classname="github.com/theopenlane/core/internal/graphapi" name="TestQueryEvidence" time="0.230000"></testcase>
		<testcase classname="github.com/theopenlane/core/internal/graphapi" name="TestQueryEvidences/List_happy_path" time="0.020000"></testcase>
		<testcase classname="github.com/theopenlane/core/internal/graphapi" name="TestQueryEvidences/List_happy_path,_using_read_only_user_of_the_same_org,_access_not_automatically_granted" time="0.020000"></testcase>
		<testcase classname="github.com/theopenlane/core/internal/graphapi" name="TestQueryEvidences/List_happy_path,_using_api_token,_access_not_automatically_granted" time="0.020000"></testcase>
		<testcase classname="github.com/theopenlane/core/internal/graphapi" name="TestQueryEvidences/List_happy_path,_using_pat,_which_is_for_the_org_owner_so_access_is_granted" time="0.020000"></testcase>
		<testcase classname="github.com/theopenlane/core/internal/graphapi" name="TestQueryEvidences/List_another_user,_no_Evidences_should_be_returned" time="0.000000"></testcase>
		<testcase classname="github.com/theopenlane/core/internal/graphapi" name="TestQueryEvidences" time="0.340000"></testcase>
		<testcase classname="github.com/theopenlane/core/internal/graphapi" name="TestMutationCreateEvidence/Create_happy_path,_minimal_input" time="0.040000"></testcase>
		<testcase classname="github.com/theopenlane/core/internal/graphapi" name="TestMutationCreateEvidence/Create_happy_path,_view_only_user_should_be_able_to_associate_evidence_to_a_task_they_can_edit" time="0.050000"></testcase>
		<testcase classname="github.com/theopenlane/core/internal/graphapi" name="TestMutationCreateEvidence/Create_happy_path,_view_only_user_should_be_able_to_associate_evidence_to_a_task_they_can_edit_and_control_they_can_view" time="0.060000"></testcase>
		<testcase classname="github.com/theopenlane/core/internal/graphapi" name="TestMutationCreateEvidence/Create_happy_path,_all_input" time="0.150000"></testcase>
		<testcase classname="github.com/theopenlane/core/internal/graphapi" name="TestMutationCreateEvidence/Create_happy_path,_admin_user_in_org" time="0.080000"></testcase>
		<testcase classname="github.com/theopenlane/core/internal/graphapi" name="TestMutationCreateEvidence/Create_happy_path,_using_pat" time="0.100000"></testcase>
		<testcase classname="github.com/theopenlane/core/internal/graphapi" name="TestMutationCreateEvidence/Create_happy_path,_using_api_token" time="0.070000"></testcase>
		<testcase classname="github.com/theopenlane/core/internal/graphapi" name="TestMutationCreateEvidence/Create_user_not_authorized,_not_enough_permissions_and_no_linked_objects" time="0.000000"></testcase>
		<testcase classname="github.com/theopenlane/core/internal/graphapi" name="TestMutationCreateEvidence/Create_user_not_authorized,_not_enough_permissions_and_edit_access_to_linked_task" time="0.000000"></testcase>
		<testcase classname="github.com/theopenlane/core/internal/graphapi" name="TestMutationCreateEvidence/Create_no_access_to_linked_control" time="0.000000"></testcase>
		<testcase classname="github.com/theopenlane/core/internal/graphapi" name="TestMutationCreateEvidence/Create_missing_required_field" time="0.000000"></testcase>
		<testcase classname="github.com/theopenlane/core/internal/graphapi" name="TestMutationCreateEvidence/Create_invalid_url" time="0.010000"></testcase>
		<testcase classname="github.com/theopenlane/core/internal/graphapi" name="TestMutationCreateEvidence/Create_creation_date_in_the_future" time="0.000000"></testcase>
		<testcase classname="github.com/theopenlane/core/internal/graphapi" name="TestMutationCreateEvidence" time="0.820000"></testcase>
		<testcase classname="github.com/theopenlane/core/internal/graphapi" name="TestMutationUpdateEvidence/Update_happy_path,_update_field" time="0.020000"></testcase>
		<testcase classname="github.com/theopenlane/core/internal/graphapi" name="TestMutationUpdateEvidence/Update_happy_path,_update_multiple_fields_using_PAT" time="0.050000"></testcase>
		<testcase classname="github.com/theopenlane/core/internal/graphapi" name="TestMutationUpdateEvidence/Update_update_not_allowed,_no_permissions" time="0.010000"></testcase>
		<testcase classname="github.com/theopenlane/core/internal/graphapi" name="TestMutationUpdateEvidence/Update_update_not_allowed,_no_permissions#01" time="0.000000"></testcase>
		<testcase classname="github.com/theopenlane/core/internal/graphapi" name="TestMutationUpdateEvidence/Update_update_not_allowed,_creation_date_is_in_the_future" time="0.010000"></testcase>
		<testcase classname="github.com/theopenlane/core/internal/graphapi" name="TestMutationUpdateEvidence" time="0.100000"></testcase>
		<testcase classname="github.com/theopenlane/core/internal/graphapi" name="TestMutationDeleteEvidence/Delete_not_authorized,_delete" time="0.000000"></testcase>
		<testcase classname="github.com/theopenlane/core/internal/graphapi" name="TestMutationDeleteEvidence/Delete_happy_path,_delete" time="0.010000"></testcase>
		<testcase classname="github.com/theopenlane/core/internal/graphapi" name="TestMutationDeleteEvidence/Delete_already_deleted,_not_found" time="0.000000"></testcase>
		<testcase classname="github.com/theopenlane/core/internal/graphapi" name="TestMutationDeleteEvidence/Delete_happy_path,_delete_using_personal_access_token" time="0.020000"></testcase>
		<testcase classname="github.com/theopenlane/core/internal/graphapi" name="TestMutationDeleteEvidence/Delete_unknown_id,_not_found" time="0.010000"></testcase>
		<testcase classname="github.com/theopenlane/core/internal/graphapi" name="TestMutationDeleteEvidence" time="0.050000"></testcase>
		<testcase classname="github.com/theopenlane/core/internal/graphapi" name="TestMutationCreateExport/Create_happy_path,_create_export_with_regular_user" time="0.030000"></testcase>
		<testcase classname="github.com/theopenlane/core/internal/graphapi" name="TestMutationCreateExport/Create_happy_path_with_PAT" time="0.020000"></testcase>
		<testcase classname="github.com/theopenlane/core/internal/graphapi" name="TestMutationCreateExport/Create_happy_path_with_system_admin" time="0.010000"></testcase>
		<testcase classname="github.com/theopenlane/core/internal/graphapi" name="TestMutationCreateExport" time="0.060000"></testcase>
		<testcase classname="github.com/theopenlane/core/internal/graphapi" name="TestMutationUpdateExport/Update_happy_path,_update_status_with_system_admin" time="0.010000"></testcase>
		<testcase classname="github.com/theopenlane/core/internal/graphapi" name="TestMutationUpdateExport/Update_unauthorized_user_-_regular_user_cannot_update" time="0.000000"></testcase>
		<testcase classname="github.com/theopenlane/core/internal/graphapi" name="TestMutationUpdateExport/Update_unauthorized_user_-_different_org_user_cannot_update" time="0.000000"></testcase>
		<testcase classname="github.com/theopenlane/core/internal/graphapi" name="TestMutationUpdateExport/Update_export_not_found" time="0.000000"></testcase>
		<testcase classname="github.com/theopenlane/core/internal/graphapi" name="TestMutationUpdateExport" time="0.030000"></testcase>
		<testcase classname="github.com/theopenlane/core/internal/graphapi" name="TestQueryExport/Query_happy_path_with_system_admin" time="0.000000"></testcase>
		<testcase classname="github.com/theopenlane/core/internal/graphapi" name="TestQueryExport/Query_happy_path_with_PAT_and_system_admin_context" time="0.010000"></testcase>
		<testcase classname="github.com/theopenlane/core/internal/graphapi" name="TestQueryExport/Query_regular_user_can_query" time="0.000000"></testcase>
		<testcase classname="github.com/theopenlane/core/internal/graphapi" name="TestQueryExport/Query_unauthorized_user_-_different_org_user_cannot_query" time="0.000000"></testcase>
		<testcase classname="github.com/theopenlane/core/internal/graphapi" name="TestQueryExport/Query_view_only_user_can_query" time="0.000000"></testcase>
		<testcase classname="github.com/theopenlane/core/internal/graphapi" name="TestQueryExport/Query_export_not_found" time="0.000000"></testcase>
		<testcase classname="github.com/theopenlane/core/internal/graphapi" name="TestQueryExport/Query_system_admin_can_fetch_item" time="0.000000"></testcase>
		<testcase classname="github.com/theopenlane/core/internal/graphapi" name="TestQueryExport" time="0.030000"></testcase>
		<testcase classname="github.com/theopenlane/core/internal/graphapi" name="TestMutationDeleteExport/Delete_happy_path_with_system_admin" time="0.020000"></testcase>
		<testcase classname="github.com/theopenlane/core/internal/graphapi" name="TestMutationDeleteExport/Delete_unauthorized_user_-_regular_user_cannot_delete" time="0.010000"></testcase>
		<testcase classname="github.com/theopenlane/core/internal/graphapi" name="TestMutationDeleteExport/Delete_unauthorized_user_-_different_org_user_cannot_delete" time="0.020000"></testcase>
		<testcase classname="github.com/theopenlane/core/internal/graphapi" name="TestMutationDeleteExport" time="0.050000"></testcase>
		<testcase classname="github.com/theopenlane/core/internal/graphapi" name="TestQueryFile/Get_happy_path" time="0.010000"></testcase>
		<testcase classname="github.com/theopenlane/core/internal/graphapi" name="TestQueryFile/Get_happy_path,_avatar_file" time="0.000000"></testcase>
		<testcase classname="github.com/theopenlane/core/internal/graphapi" name="TestQueryFile/Get_happy_path,_admin_user" time="0.010000"></testcase>
		<testcase classname="github.com/theopenlane/core/internal/graphapi" name="TestQueryFile/Get_avatar_file_needs_to_be_found_to_display_to_other_users" time="0.010000"></testcase>
		<testcase classname="github.com/theopenlane/core/internal/graphapi" name="TestQueryFile/Get_happy_path,_user_authorized_via_the_control_to_view_the_file" time="0.010000"></testcase>
		<testcase classname="github.com/theopenlane/core/internal/graphapi" name="TestQueryFile/Get_happy_path_using_personal_access_token" time="0.010000"></testcase>
		<testcase classname="github.com/theopenlane/core/internal/graphapi" name="TestQueryFile/Get_admin_user_accessing_a_different_org,_shouldn&#39;t_be_able_to_access_the_evidence_file_from_the_other_org" time="0.000000"></testcase>
		<testcase classname="github.com/theopenlane/core/internal/graphapi" name="TestQueryFile/Get_File_not_found,_invalid_ID" time="0.000000"></testcase>
[...]
		<testcase classname="github.com/theopenlane/core/internal/graphapi" name="TestRetrieveObjectDetails/Non-upload_argument" time="0.000000"></testcase>
		<testcase classname="github.com/theopenlane/core/internal/graphapi" name="TestRetrieveObjectDetails" time="0.000000"></testcase>
		<testcase classname="github.com/theopenlane/core/internal/graphapi" name="TestMutationDeleteOrgMembers" time="2.320000"></testcase>
		<testcase classname="github.com/theopenlane/core/internal/graphapi" name="TestQueryTrustCenterAsAnonymousUser/happy_path_-_anonymous_user_can_query_their_trust_center_by_ID" time="0.020000"></testcase>
		<testcase classname="github.com/theopenlane/core/internal/graphapi" name="TestQueryTrustCenterAsAnonymousUser/anonymous_user_cannot_query_different_trust_center" time="0.010000"></testcase>
		<testcase classname="github.com/theopenlane/core/internal/graphapi" name="TestQueryTrustCenterAsAnonymousUser/anonymous_user_cannot_query_non-existent_trust_center" time="0.010000"></testcase>
		<testcase classname="github.com/theopenlane/core/internal/graphapi" name="TestQueryTrustCenterAsAnonymousUser" time="2.380000"></testcase>
		<testcase classname="github.com/theopenlane/core/internal/graphapi" name="TestMutationCreateOnboarding/Create_happy_path,_minimal_input" time="0.420000"></testcase>
		<testcase classname="github.com/theopenlane/core/internal/graphapi" name="TestIntegrationWithSecretsRelationship/Integration_can_query_its_secrets" time="0.000000"></testcase>
		<testcase classname="github.com/theopenlane/core/internal/graphapi" name="TestIntegrationWithSecretsRelationship/Secrets_can_query_their_integration" time="0.010000"></testcase>
		<testcase classname="github.com/theopenlane/core/internal/graphapi" name="TestMutationDeleteTrustCenterDoc/Delete_happy_path,_delete_trust_center_doc" time="0.040000"></testcase>
		<testcase classname="github.com/theopenlane/core/internal/graphapi" name="TestMutationDeleteTrustCenterDoc/Delete_not_authorized,_different_org_user" time="0.020000"></testcase>
		<testcase classname="github.com/theopenlane/core/internal/graphapi" name="TestMutationDeleteTrustCenterDoc/Delete_trust_center_doc_not_found" time="0.010000"></testcase>
		<testcase classname="github.com/theopenlane/core/internal/graphapi" name="TestMutationDeleteTrustCenterDoc" time="2.570000"></testcase>
		<testcase classname="github.com/theopenlane/core/internal/graphapi" name="TestIntegrationWithSecretsRelationship" time="1.070000"></testcase>
		<testcase classname="github.com/theopenlane/core/internal/graphapi" name="TestQueryOrganizations/Get_Organizations" time="0.140000"></testcase>
		<testcase classname="github.com/theopenlane/core/internal/graphapi" name="TestQueryOrganizations" time="2.700000"></testcase>
		<testcase classname="github.com/theopenlane/core/internal/graphapi" name="TestMutationCreateOnboarding/Create_happy_path,_all_input,_same_name_should_not_error_due_to_retries" time="0.430000"></testcase>
		<testcase classname="github.com/theopenlane/core/internal/graphapi" name="TestMutationCreateOnboarding/Create_missing_required_field" time="0.010000"></testcase>
		<testcase classname="github.com/theopenlane/core/internal/graphapi" name="TestSecretBuilder/Create_secret_with_builder" time="0.040000"></testcase>
		<testcase classname="github.com/theopenlane/core/internal/graphapi" name="TestSecretBuilder" time="0.920000"></testcase>
		<testcase classname="github.com/theopenlane/core/internal/graphapi" name="TestMutationCreateOnboarding/Create_not_allowed_with_PAT" time="0.030000"></testcase>
		<testcase classname="github.com/theopenlane/core/internal/graphapi" name="TestMutationCreateOnboarding/Create_not_allowed_with_token" time="0.040000"></testcase>
		<testcase classname="github.com/theopenlane/core/internal/graphapi" name="TestMutationCreateOnboarding" time="2.960000"></testcase>
		<testcase classname="github.com/theopenlane/core/internal/graphapi" name="TestMutationOrganizationCascadeDelete" time="3.020000"></testcase>
		<testcase classname="github.com/theopenlane/core/internal/graphapi" name="TestMutationCreateOrganization/Create_happy_path_organization" time="0.960000"></testcase>
		<testcase classname="github.com/theopenlane/core/internal/graphapi" name="TestIntegrationBuilder/Create_integration_with_builder" time="0.000000"></testcase>
		<testcase classname="github.com/theopenlane/core/internal/graphapi" name="TestIntegrationBuilder/Create_custom_integration_with_builder" time="0.040000"></testcase>
		<testcase classname="github.com/theopenlane/core/internal/graphapi" name="TestIntegrationBuilder" time="0.900000"></testcase>
		<testcase classname="github.com/theopenlane/core/internal/graphapi" name="TestMutationUpdateOrgMembers/Get_happy_path,_update_to_admin_from_member" time="0.140000"></testcase>
		<testcase classname="github.com/theopenlane/core/internal/graphapi" name="TestMutationUpdateOrganization/Update_update_name,_happy_path" time="0.260000"></testcase>
		<testcase classname="github.com/theopenlane/core/internal/graphapi" name="TestMutationUpdateOrgMembers/Get_happy_path,_update_to_member_from_admin" time="0.120000"></testcase>
		<testcase classname="github.com/theopenlane/core/internal/graphapi" name="TestMutationUpdateOrgMembers/Get_update_to_same_role" time="0.040000"></testcase>
		<testcase classname="github.com/theopenlane/core/internal/graphapi" name="TestMutationCreateOrganization/Create_happy_path_organization_with_settings_and_avatar" time="0.920000"></testcase>
		<testcase classname="github.com/theopenlane/core/internal/graphapi" name="TestMutationCreateOrganization/Create_organization_settings_with_free_email_domain_not_allowed" time="0.020000"></testcase>
		<testcase classname="github.com/theopenlane/core/internal/graphapi" name="TestMutationUpdateOrgMembers/Get_update_self_from_admin_to_member,_not_allowed" time="0.080000"></testcase>
		<testcase classname="github.com/theopenlane/core/internal/graphapi" name="TestMutationUpdateOrgMembers/Get_invalid_role" time="0.000000"></testcase>
		<testcase classname="github.com/theopenlane/core/internal/graphapi" name="TestMutationUpdateOrgMembers" time="1.660000"></testcase>
		<testcase classname="github.com/theopenlane/core/internal/graphapi" name="TestMutationUpdateOrganization/Update_add_member_as_admin" time="0.380000"></testcase>
		<testcase classname="github.com/theopenlane/core/internal/graphapi" name="TestQueryTrustCentersAsAnonymousUser/anonymous_user_can_only_see_their_trust_center_in_list_query" time="0.030000"></testcase>
		<testcase classname="github.com/theopenlane/core/internal/graphapi" name="TestMutationUpdateOrganization/Update_add_two_program_creators_group" time="0.370000"></testcase>
		<testcase classname="github.com/theopenlane/core/internal/graphapi" name="TestQueryTrustCentersAsAnonymousUser/anonymous_user_with_different_trust_center_sees_only_their_trust_center" time="0.030000"></testcase>
		<testcase classname="github.com/theopenlane/core/internal/graphapi" name="TestQueryTrustCentersAsAnonymousUser" time="1.740000"></testcase>
		<testcase classname="github.com/theopenlane/core/internal/graphapi" name="TestMutationCreateProgramWithMembers/Create_happy_path,_minimal_input_with_standard_id" time="0.350000"></testcase>
		<testcase classname="github.com/theopenlane/core/internal/graphapi" name="TestMutationCreateOrganization/Create_happy_path_organization_with_parent_org" time="0.780000"></testcase>
		<testcase classname="github.com/theopenlane/core/internal/graphapi" name="TestMutationCreateOrganization/Create_organization_with_parent_org,_no_access" time="0.010000"></testcase>
		<testcase classname="github.com/theopenlane/core/internal/graphapi" name="TestMutationCreateOrganization/Create_organization_with_parent_org_using_personal_access_token,_not_allowed" time="0.010000"></testcase>
		<testcase classname="github.com/theopenlane/core/internal/graphapi" name="TestMutationCreateOrganization/Create_organization_with_parent_org_using_personal_access_token,_no_access_to_parent,_not_allowed" time="0.010000"></testcase>
		<testcase classname="github.com/theopenlane/core/internal/graphapi" name="TestMutationCreateOrganization/Create_organization_create_with_api_token_not_allowed" time="0.010000"></testcase>
		<testcase classname="github.com/theopenlane/core/internal/graphapi" name="TestMutationCreateOrganization/Create_organization_with_parent_personal_org" time="0.040000"></testcase>
		<testcase classname="github.com/theopenlane/core/internal/graphapi" name="TestMutationCreateOrganization/Create_empty_organization_name" time="0.000000"></testcase>
		<testcase classname="github.com/theopenlane/core/internal/graphapi" name="TestMutationCreateOrganization/Create_long_organization_name" time="0.010000"></testcase>
		<testcase classname="github.com/theopenlane/core/internal/graphapi" name="TestMutationCreateProgramWithMembers/Create_happy_path,_minimal_input" time="0.140000"></testcase>
		<testcase classname="github.com/theopenlane/core/internal/graphapi" name="TestMutationCreateFullProgram/Create_happy_path,_system_standard_id" time="0.370000"></testcase>
		<testcase classname="github.com/theopenlane/core/internal/graphapi" name="TestMutationUpdateOrganization/Update_remove_one_program_creator_group,_add_procedure_creator_group" time="0.330000"></testcase>
		<testcase classname="github.com/theopenlane/core/internal/graphapi" name="TestMutationCreateProgramWithMembers/Create_happy_path,_minimal_input,_no_member_should_work" time="0.080000"></testcase>
		<testcase classname="github.com/theopenlane/core/internal/graphapi" name="TestMutationUpdateOrganization/Update_add_program_creator_group,_not_allowed" time="0.040000"></testcase>
		<testcase classname="github.com/theopenlane/core/internal/graphapi" name="TestAuditLogList/Audit_Logs_happy_path,_table_with_no_history" time="0.000000"></testcase>
		<testcase classname="github.com/theopenlane/core/internal/graphapi" name="TestMutationCreateProgramWithMembers/Create_happy_path,_minimal_input,_nil_members_should_work" time="0.120000"></testcase>
		<testcase classname="github.com/theopenlane/core/internal/graphapi" name="TestAuditLogList/Audit_Logs_happy_path,_user" time="0.140000"></testcase>
		<testcase classname="github.com/theopenlane/core/internal/graphapi" name="TestAuditLogList/Audit_Logs_happy_path,_user_setting" time="0.060000"></testcase>
		<testcase classname="github.com/theopenlane/core/internal/graphapi" name="TestMutationCreateOrgMembers/Create_happy_path,_add_admin" time="0.290000"></testcase>
		<testcase classname="github.com/theopenlane/core/internal/graphapi" name="TestMutationCreateProgramWithMembers" time="2.530000"></testcase>
		<testcase classname="github.com/theopenlane/core/internal/graphapi" name="TestMutationCreateFullProgram/Create_happy_path,_standard_id" time="0.360000"></testcase>
		<testcase classname="github.com/theopenlane/core/internal/graphapi" name="TestAuditLogList/Audit_Logs_happy_path,_program" time="0.060000"></testcase>
		<testcase classname="github.com/theopenlane/core/internal/graphapi" name="TestQueryOrgMembers/Get_happy_path,_get_org_members_by_org_id" time="0.290000"></testcase>
		<testcase classname="github.com/theopenlane/core/internal/graphapi" name="TestAuditLogList/Audit_Logs_happy_path,_program_update" time="0.060000"></testcase>
		<testcase classname="github.com/theopenlane/core/internal/graphapi" name="TestMutationCreateOrgMembers/Create_happy_path,_add_member" time="0.120000"></testcase>
		<testcase classname="github.com/theopenlane/core/internal/graphapi" name="TestAuditLogList/Audit_Logs_happy_path,_program_create" time="0.040000"></testcase>
		<testcase classname="github.com/theopenlane/core/internal/graphapi" name="TestAuditLogList/Audit_Logs_happy_path,_procedure" time="0.040000"></testcase>
		<testcase classname="github.com/theopenlane/core/internal/graphapi" name="TestMutationUpdateOrganization/Update_update_description_and_avatar_file,_happy_path" time="0.430000"></testcase>
		<testcase classname="github.com/theopenlane/core/internal/graphapi" name="TestAuditLogList/Audit_Logs_happy_path,_policy" time="0.050000"></testcase>
		<testcase classname="github.com/theopenlane/core/internal/graphapi" name="TestMutationCreateOrgMembers/Create_happy_path,_add_member_in_org_with_allowed_domains" time="0.110000"></testcase>
		<testcase classname="github.com/theopenlane/core/internal/graphapi" name="TestMutationCreateOrgMembers/Create_add_member_with_invalid_domain" time="0.050000"></testcase>
		<testcase classname="github.com/theopenlane/core/internal/graphapi" name="TestMutationCreateOrgMembers/Create_duplicate_user,_different_role" time="0.020000"></testcase>
		<testcase classname="github.com/theopenlane/core/internal/graphapi" name="TestMutationCreateOrgMembers/Create_cannot_add_self_to_organization" time="0.020000"></testcase>
		<testcase classname="github.com/theopenlane/core/internal/graphapi" name="TestMutationCreateOrgMembers/Create_add_user_to_personal_org_not_allowed" time="0.010000"></testcase>
		<testcase classname="github.com/theopenlane/core/internal/graphapi" name="TestMutationCreateOrgMembers/Create_invalid_user" time="0.010000"></testcase>
		<testcase classname="github.com/theopenlane/core/internal/graphapi" name="TestMutationCreateOrgMembers/Create_no_access" time="0.010000"></testcase>
		<testcase classname="github.com/theopenlane/core/internal/graphapi" name="TestMutationCreateOrgMembers/Create_invalid_role" time="0.000000"></testcase>
		<testcase classname="github.com/theopenlane/core/internal/graphapi" name="TestQueryOrgMembers/Get_happy_path,_get_org_with_parent_members_based_on_context" time="0.280000"></testcase>
		<testcase classname="github.com/theopenlane/core/internal/graphapi" name="TestAuditLogList/Audit_Logs_happy_path,_control" time="0.160000"></testcase>
		<testcase classname="github.com/theopenlane/core/internal/graphapi" name="TestMutationCreateOrganization/Create_organization_with_no_description" time="0.770000"></testcase>
		<testcase classname="github.com/theopenlane/core/internal/graphapi" name="TestMutationCreateOrganization/Create_duplicate_organization_name" time="0.010000"></testcase>
		<testcase classname="github.com/theopenlane/core/internal/graphapi" name="TestMutationCreateOrgMembers" time="3.350000"></testcase>
		<testcase classname="github.com/theopenlane/core/internal/graphapi" name="TestMutationCreateOrganization/Create_duplicate_organization_name,_case_insensitive" time="0.010000"></testcase>
		<testcase classname="github.com/theopenlane/core/internal/graphapi" name="TestQueryOrgMembers/Get_where_input,_get_members_in_program" time="0.160000"></testcase>
		<testcase classname="github.com/theopenlane/core/internal/graphapi" name="TestAuditLogList/Audit_Logs_happy_path,_control_page_2" time="0.160000"></testcase>
		<testcase classname="github.com/theopenlane/core/internal/graphapi" name="TestMutationUpdateOrganization/Update_update_display_name,_happy_path" time="0.390000"></testcase>
		<testcase classname="github.com/theopenlane/core/internal/graphapi" name="TestQueryOrgMembers/Get_where_input,_get_members_not_in_program" time="0.070000"></testcase>
		<testcase classname="github.com/theopenlane/core/internal/graphapi" name="TestMutationCreateFullProgram/Create_happy_path,_all_the_fields" time="0.630000"></testcase>
		<testcase classname="github.com/theopenlane/core/internal/graphapi" name="TestAuditLogList/Audit_Logs_happy_path,_control_page_3" time="0.160000"></testcase>
		<testcase classname="github.com/theopenlane/core/internal/graphapi" name="TestAuditLogList/Audit_Logs_missing_table_parameter" time="0.000000"></testcase>
		<testcase classname="github.com/theopenlane/core/internal/graphapi" name="TestAuditLogList/Audit_Logs_nil_where_input" time="0.000000"></testcase>
		<testcase classname="github.com/theopenlane/core/internal/graphapi" name="TestQueryOrgMembers/Get_where_input,_get_members_in_program,_after_deleting_a_member" time="0.120000"></testcase>
		<testcase classname="github.com/theopenlane/core/internal/graphapi" name="TestAuditLogList/Audit_Logs_happy_path,_another_user_shouldn&#39;t_see_these_procedure_audit_logs" time="0.010000"></testcase>
		<testcase classname="github.com/theopenlane/core/internal/graphapi" name="TestAuditLogList" time="3.620000"></testcase>
		<testcase classname="github.com/theopenlane/core/internal/graphapi" name="TestQueryOrgMembers/Get_happy_path,_get_org_with_parent_members_using_org_ID,_only_direct_members_will_be_returned" time="0.040000"></testcase>
		<testcase classname="github.com/theopenlane/core/internal/graphapi" name="TestQueryOrgMembers/Get_no_access" time="0.010000"></testcase>
		<testcase classname="github.com/theopenlane/core/internal/graphapi" name="TestQueryOrgMembers/Get_invalid-id" time="0.010000"></testcase>
		<testcase classname="github.com/theopenlane/core/internal/graphapi" name="TestMutationCreateFullProgram" time="3.400000"></testcase>
		<testcase classname="github.com/theopenlane/core/internal/graphapi" name="TestMutationUpdateOrganization/Update_update_settings,_happy_path" time="0.220000"></testcase>
		<testcase classname="github.com/theopenlane/core/internal/graphapi" name="TestMutationUpdateOrganization/Update_update_avatar,_invalid_file" time="0.000000"></testcase>
		<testcase classname="github.com/theopenlane/core/internal/graphapi" name="TestQueryOrgMembers" time="3.460000"></testcase>
		<testcase classname="github.com/theopenlane/core/internal/graphapi" name="TestMutationUpdateOrganization/Update_update_name,_too_long" time="0.020000"></testcase>
		<testcase classname="github.com/theopenlane/core/internal/graphapi" name="TestMutationUpdateOrganization/Update_update_name,_no_access" time="0.010000"></testcase>
		<testcase classname="github.com/theopenlane/core/internal/graphapi" name="TestMutationUpdateOrganization/Update_update_name,_not_found" time="0.010000"></testcase>
		<testcase classname="github.com/theopenlane/core/internal/graphapi" name="TestMutationUpdateOrganization" time="6.080000"></testcase>
		<testcase classname="github.com/theopenlane/core/internal/graphapi" name="TestMutationCreateOrganization/Create_duplicate_organization_name,_but_other_was_deleted,_should_pass" time="0.490000"></testcase>
		<testcase classname="github.com/theopenlane/core/internal/graphapi" name="TestMutationCreateOrganization/Create_organization_name_with_trailing_space_should_work_with_trailing_space_removed" time="0.290000"></testcase>
		<testcase classname="github.com/theopenlane/core/internal/graphapi" name="TestMutationCreateOrganization/Create_invalid_organization_name,_too_short" time="0.010000"></testcase>
		<testcase classname="github.com/theopenlane/core/internal/graphapi" name="TestMutationCreateOrganization/Create_invalid_organization_name_with_special_characters" time="0.000000"></testcase>
		<testcase classname="github.com/theopenlane/core/internal/graphapi" name="TestMutationCreateOrganization/Create_duplicate_display_name,_should_be_allowed" time="0.300000"></testcase>
		<testcase classname="github.com/theopenlane/core/internal/graphapi" name="TestMutationCreateOrganization/Create_display_name_with_spaces_should_pass" time="0.380000"></testcase>
		<testcase classname="github.com/theopenlane/core/internal/graphapi" name="TestMutationCreateOrganization/Create_invalid_avatar_file" time="0.000000"></testcase>
		<testcase classname="github.com/theopenlane/core/internal/graphapi" name="TestMutationCreateOrganization/Create_invalid_allowed_email_domains_" time="0.000000"></testcase>
		<testcase classname="github.com/theopenlane/core/internal/graphapi" name="TestMutationCreateOrganization/Create_invalid_domains" time="0.000000"></testcase>
		<testcase classname="github.com/theopenlane/core/internal/graphapi" name="TestMutationCreateOrganization" time="7.120000"></testcase>
	</testsuite>
</testsuites>